2023-08-22 19:58:15.532031 - Street: 1, Velocity: 34.0, Num Cars: 17
2023-08-22 19:58:16.256281 - Street: 2, Velocity: 0.0, Num Cars: 10
2023-08-22 19:58:17.536440 - Street: 1, Velocity: 22.0, Num Cars: 18
2023-08-22 19:58:18.261437 - Street: 2, Velocity: 0.0, Num Cars: 11
2023-08-22 19:58:19.543724 - Street: 1, Velocity: 19.666666666666668, Num Cars: 19
2023-08-22 19:58:20.265168 - Street: 2, Velocity: 0.0, Num Cars: 12
2023-08-22 19:58:21.550131 - Street: 1, Velocity: 29.5, Num Cars: 20
2023-08-22 19:58:22.269014 - Street: 2, Velocity: 0.0, Num Cars: 13
2023-08-22 19:58:23.556737 - Street: 1, Velocity: 32.0, Num Cars: 21
2023-08-22 19:58:24.272343 - Street: 2, Velocity: 0.0, Num Cars: 14
2023-08-22 19:58:25.561503 - Street: 1, Velocity: 37.333333333333336, Num Cars: 22
2023-08-22 19:58:26.276079 - Street: 2, Velocity: 0.0, Num Cars: 15
2023-08-22 19:58:27.566563 - Street: 1, Velocity: 39.142857142857146, Num Cars: 23
2023-08-22 19:58:28.280646 - Street: 2, Velocity: 0.0, Num Cars: 16
2023-08-22 19:58:29.571215 - Street: 1, Velocity: 42.0, Num Cars: 24
2023-08-22 19:58:30.284367 - Street: 2, Velocity: 0.0, Num Cars: 17
2023-08-22 19:58:31.574265 - Street: 1, Velocity: 40.77777777777778, Num Cars: 25
2023-08-22 19:58:32.288701 - Street: 2, Velocity: 0.0, Num Cars: 18
2023-08-22 19:58:33.578908 - Street: 1, Velocity: 40.2, Num Cars: 26
2023-08-22 19:58:34.293339 - Street: 2, Velocity: 0.0, Num Cars: 19
2023-08-22 19:58:35.583186 - Street: 1, Velocity: 43.0, Num Cars: 27
2023-08-22 19:58:36.297464 - Street: 2, Velocity: 0.0, Num Cars: 20
2023-08-22 19:58:37.586276 - Street: 1, Velocity: 46.1, Num Cars: 28
2023-08-22 19:58:38.301666 - Street: 2, Velocity: 0.0, Num Cars: 21
2023-08-22 19:58:39.590166 - Street: 1, Velocity: 47.5, Num Cars: 29
2023-08-22 19:58:40.305615 - Street: 2, Velocity: 0.0, Num Cars: 22
2023-08-22 19:58:41.594138 - Street: 1, Velocity: 46.9, Num Cars: 30
2023-08-22 19:58:42.309957 - Street: 2, Velocity: 0.0, Num Cars: 23
2023-08-22 19:58:43.598290 - Street: 1, Velocity: 46.9, Num Cars: 31
2023-08-22 19:58:44.313887 - Street: 2, Velocity: 0.0, Num Cars: 24
2023-08-22 19:58:45.603409 - Street: 1, Velocity: 44.2, Num Cars: 32
2023-08-22 19:58:46.318158 - Street: 2, Velocity: 0.0, Num Cars: 25
2023-08-22 19:58:47.608452 - Street: 1, Velocity: 41.0, Num Cars: 33
2023-08-22 19:58:48.322219 - Street: 2, Velocity: 0.0, Num Cars: 26
2023-08-22 19:58:49.613127 - Street: 1, Velocity: 38.3, Num Cars: 34
2023-08-22 19:58:50.326369 - Street: 2, Velocity: 0.0, Num Cars: 27
2023-08-22 19:58:51.618154 - Street: 1, Velocity: 41.9, Num Cars: 35
2023-08-22 19:58:52.329907 - Street: 2, Velocity: 0.0, Num Cars: 28
2023-08-22 19:58:53.623192 - Street: 1, Velocity: 41.8, Num Cars: 36
2023-08-22 19:58:54.334088 - Street: 2, Velocity: 0.0, Num Cars: 29
2023-08-22 19:58:55.627037 - Street: 1, Velocity: 37.5, Num Cars: 37
2023-08-22 19:58:56.338394 - Street: 2, Velocity: 0.0, Num Cars: 30
2023-08-22 19:58:57.629779 - Street: 1, Velocity: 39.9, Num Cars: 38
2023-08-22 19:58:58.342607 - Street: 2, Velocity: 0.0, Num Cars: 31
2023-08-22 19:58:59.633781 - Street: 1, Velocity: 38.5, Num Cars: 39
2023-08-22 19:59:00.346432 - Street: 2, Velocity: 0.0, Num Cars: 32
2023-08-22 19:59:01.638270 - Street: 1, Velocity: 39.1, Num Cars: 40
2023-08-22 19:59:02.350843 - Street: 2, Velocity: 0.0, Num Cars: 33
2023-08-22 19:59:03.642198 - Street: 1, Velocity: 41.2, Num Cars: 41
2023-08-22 19:59:04.354948 - Street: 2, Velocity: 0.0, Num Cars: 34
2023-08-22 19:59:05.646423 - Street: 1, Velocity: 43.6, Num Cars: 42
2023-08-22 19:59:06.359113 - Street: 2, Velocity: 0.0, Num Cars: 35
2023-08-22 19:59:07.651044 - Street: 1, Velocity: 44.3, Num Cars: 43
2023-08-22 19:59:08.363393 - Street: 2, Velocity: 0.0, Num Cars: 36
2023-08-22 19:59:09.654038 - Street: 1, Velocity: 44.2, Num Cars: 44
2023-08-22 19:59:10.367950 - Street: 2, Velocity: 0.0, Num Cars: 37
2023-08-22 19:59:11.658179 - Street: 1, Velocity: 40.0, Num Cars: 45
2023-08-22 19:59:12.372185 - Street: 2, Velocity: 0.0, Num Cars: 38
2023-08-22 19:59:13.663307 - Street: 1, Velocity: 39.2, Num Cars: 46
2023-08-22 19:59:14.376904 - Street: 2, Velocity: 0.0, Num Cars: 39
2023-08-22 19:59:15.668174 - Street: 1, Velocity: 41.5, Num Cars: 47
2023-08-22 19:59:16.380762 - Street: 2, Velocity: 0.0, Num Cars: 40
2023-08-22 19:59:17.672512 - Street: 1, Velocity: 41.6, Num Cars: 48
2023-08-22 19:59:18.385729 - Street: 2, Velocity: 0.0, Num Cars: 41
2023-08-22 19:59:19.677307 - Street: 1, Velocity: 43.9, Num Cars: 49
2023-08-22 19:59:20.389570 - Street: 2, Velocity: 0.0, Num Cars: 42
2023-08-22 19:59:21.682107 - Street: 1, Velocity: 41.3, Num Cars: 50
2023-08-22 19:59:22.393874 - Street: 2, Velocity: 0.0, Num Cars: 43
2023-08-22 19:59:23.686311 - Street: 1, Velocity: 39.7, Num Cars: 51
2023-08-22 19:59:24.397884 - Street: 2, Velocity: 0.0, Num Cars: 44
2023-08-22 19:59:25.690478 - Street: 1, Velocity: 35.5, Num Cars: 52
2023-08-22 19:59:26.401833 - Street: 2, Velocity: 0.0, Num Cars: 45
2023-08-22 19:59:27.694372 - Street: 1, Velocity: 36.1, Num Cars: 53
2023-08-22 19:59:28.406068 - Street: 2, Velocity: 0.0, Num Cars: 46
2023-08-22 19:59:29.698335 - Street: 1, Velocity: 35.1, Num Cars: 54
2023-08-22 19:59:30.410512 - Street: 2, Velocity: 0.0, Num Cars: 47
2023-08-22 19:59:31.701992 - Street: 1, Velocity: 35.6, Num Cars: 55
2023-08-22 19:59:32.414666 - Street: 2, Velocity: 0.0, Num Cars: 48
2023-08-22 19:59:33.706591 - Street: 1, Velocity: 39.0, Num Cars: 56
2023-08-22 19:59:34.419587 - Street: 2, Velocity: 0.0, Num Cars: 49
2023-08-22 19:59:35.709989 - Street: 1, Velocity: 41.2, Num Cars: 57
2023-08-22 19:59:36.422031 - Street: 2, Velocity: 0.0, Num Cars: 50
2023-08-22 19:59:37.714977 - Street: 1, Velocity: 38.9, Num Cars: 58
2023-08-22 19:59:38.425893 - Street: 2, Velocity: 0.0, Num Cars: 51
2023-08-22 19:59:38.428400 - Congestion Detected on Street 2
2023-08-22 19:59:38.430192 - Invalid Additional Time or Semaforo is not open. No adjustment.
2023-08-22 19:59:39.719036 - Street: 1, Velocity: 37.1, Num Cars: 59
2023-08-22 19:59:40.429930 - Street: 2, Velocity: 0.0, Num Cars: 52
2023-08-22 19:59:41.723225 - Street: 1, Velocity: 40.7, Num Cars: 60
2023-08-22 19:59:42.434215 - Street: 2, Velocity: 0.0, Num Cars: 53
2023-08-22 19:59:43.728024 - Street: 1, Velocity: 37.9, Num Cars: 61
2023-08-22 19:59:44.438106 - Street: 2, Velocity: 0.0, Num Cars: 54
2023-08-22 19:59:45.733374 - Street: 1, Velocity: 40.7, Num Cars: 62
2023-08-22 19:59:46.442275 - Street: 2, Velocity: 0.0, Num Cars: 55
2023-08-22 19:59:47.737741 - Street: 1, Velocity: 40.0, Num Cars: 63
2023-08-22 19:59:48.446072 - Street: 2, Velocity: 0.0, Num Cars: 56
2023-08-22 19:59:49.742581 - Street: 1, Velocity: 43.9, Num Cars: 64
2023-08-22 19:59:50.450114 - Street: 2, Velocity: 0.0, Num Cars: 57
2023-08-22 19:59:51.747535 - Street: 1, Velocity: 45.0, Num Cars: 65
2023-08-22 19:59:52.454502 - Street: 2, Velocity: 0.0, Num Cars: 58
2023-08-22 19:59:53.751604 - Street: 1, Velocity: 40.9, Num Cars: 66
2023-08-22 19:59:54.457808 - Street: 2, Velocity: 0.0, Num Cars: 59
2023-08-22 19:59:55.755782 - Street: 1, Velocity: 35.9, Num Cars: 67
2023-08-22 19:59:56.461786 - Street: 2, Velocity: 0.0, Num Cars: 60
2023-08-22 19:59:57.760203 - Street: 1, Velocity: 38.2, Num Cars: 68
2023-08-22 19:59:58.465694 - Street: 2, Velocity: 0.0, Num Cars: 61
2023-08-22 19:59:59.764365 - Street: 1, Velocity: 38.2, Num Cars: 69
2023-08-22 20:00:00.470082 - Street: 2, Velocity: 0.0, Num Cars: 62
2023-08-22 20:00:01.768501 - Street: 1, Velocity: 38.1, Num Cars: 70
2023-08-22 20:00:02.474439 - Street: 2, Velocity: 0.0, Num Cars: 63
2023-08-22 20:00:03.772875 - Street: 1, Velocity: 39.0, Num Cars: 71
2023-08-22 20:00:04.478480 - Street: 2, Velocity: 0.0, Num Cars: 64
2023-08-22 20:00:05.777176 - Street: 1, Velocity: 38.4, Num Cars: 72
2023-08-22 20:00:06.481859 - Street: 2, Velocity: 0.0, Num Cars: 65
2023-08-22 20:00:07.781611 - Street: 1, Velocity: 40.3, Num Cars: 73
2023-08-22 20:00:08.485972 - Street: 2, Velocity: 0.0, Num Cars: 66
2023-08-22 20:00:09.786467 - Street: 1, Velocity: 36.8, Num Cars: 74
2023-08-22 20:00:10.489998 - Street: 2, Velocity: 0.0, Num Cars: 67
2023-08-22 20:00:11.791405 - Street: 1, Velocity: 33.9, Num Cars: 75
2023-08-22 20:00:12.494102 - Street: 2, Velocity: 0.0, Num Cars: 68
2023-08-22 20:00:13.796134 - Street: 1, Velocity: 38.6, Num Cars: 76
2023-08-22 20:00:14.498176 - Street: 2, Velocity: 0.0, Num Cars: 69
2023-08-22 20:00:15.801247 - Street: 1, Velocity: 41.8, Num Cars: 77
2023-08-22 20:00:16.502437 - Street: 2, Velocity: 0.0, Num Cars: 70
2023-08-22 20:00:17.806368 - Street: 1, Velocity: 38.6, Num Cars: 78
2023-08-22 20:00:18.504675 - Street: 2, Velocity: 0.0, Num Cars: 71
2023-08-22 20:00:19.811352 - Street: 1, Velocity: 42.5, Num Cars: 79
2023-08-22 20:00:20.509213 - Street: 2, Velocity: 0.0, Num Cars: 72
2023-08-22 20:00:21.816230 - Street: 1, Velocity: 41.7, Num Cars: 80
2023-08-22 20:00:22.513942 - Street: 2, Velocity: 0.0, Num Cars: 73
2023-08-22 20:00:23.820629 - Street: 1, Velocity: 41.3, Num Cars: 81
2023-08-22 20:00:24.517524 - Street: 2, Velocity: 0.0, Num Cars: 74
2023-08-22 20:00:25.825021 - Street: 1, Velocity: 44.0, Num Cars: 82
2023-08-22 20:00:26.521874 - Street: 2, Velocity: 0.0, Num Cars: 75
2023-08-22 20:00:27.828845 - Street: 1, Velocity: 42.3, Num Cars: 83
2023-08-22 20:00:28.525990 - Street: 2, Velocity: 0.0, Num Cars: 76
2023-08-22 20:00:29.833137 - Street: 1, Velocity: 45.2, Num Cars: 84
2023-08-22 20:00:30.529797 - Street: 2, Velocity: 0.0, Num Cars: 77
2023-08-22 20:00:31.838057 - Street: 1, Velocity: 50.5, Num Cars: 85
2023-08-22 20:00:32.533343 - Street: 2, Velocity: 0.0, Num Cars: 78
2023-08-22 20:00:33.841768 - Street: 1, Velocity: 50.3, Num Cars: 86
2023-08-22 20:00:34.537561 - Street: 2, Velocity: 0.0, Num Cars: 79
2023-08-22 20:00:35.845965 - Street: 1, Velocity: 49.7, Num Cars: 87
2023-08-22 20:00:36.541888 - Street: 2, Velocity: 0.0, Num Cars: 80
2023-08-22 20:00:37.850068 - Street: 1, Velocity: 53.2, Num Cars: 88
2023-08-22 20:00:38.545760 - Street: 2, Velocity: 0.0, Num Cars: 81
2023-08-22 20:00:39.853952 - Street: 1, Velocity: 49.0, Num Cars: 89
2023-08-22 20:00:40.550021 - Street: 2, Velocity: 0.0, Num Cars: 82
2023-08-22 20:00:41.858330 - Street: 1, Velocity: 49.4, Num Cars: 90
2023-08-22 20:00:42.554069 - Street: 2, Velocity: 0.0, Num Cars: 83
2023-08-22 20:00:43.863099 - Street: 1, Velocity: 53.7, Num Cars: 91
2023-08-22 20:00:44.557973 - Street: 2, Velocity: 0.0, Num Cars: 84
2023-08-22 20:00:45.868083 - Street: 1, Velocity: 51.2, Num Cars: 92
2023-08-22 20:00:46.562170 - Street: 2, Velocity: 0.0, Num Cars: 85
2023-08-22 20:00:47.873177 - Street: 1, Velocity: 53.3, Num Cars: 93
2023-08-22 20:00:48.566191 - Street: 2, Velocity: 0.0, Num Cars: 86
2023-08-22 20:00:49.877703 - Street: 1, Velocity: 53.8, Num Cars: 94
2023-08-22 20:00:50.570021 - Street: 2, Velocity: 0.0, Num Cars: 87
2023-08-22 20:00:51.882069 - Street: 1, Velocity: 50.2, Num Cars: 95
2023-08-22 20:00:52.573880 - Street: 2, Velocity: 0.0, Num Cars: 88
2023-08-22 20:00:53.886370 - Street: 1, Velocity: 49.5, Num Cars: 96
2023-08-22 20:00:54.577933 - Street: 2, Velocity: 0.0, Num Cars: 89
2023-08-22 20:00:55.890562 - Street: 1, Velocity: 47.1, Num Cars: 97
2023-08-22 20:00:56.581885 - Street: 2, Velocity: 0.0, Num Cars: 90
2023-08-22 20:00:57.894401 - Street: 1, Velocity: 44.2, Num Cars: 98
2023-08-22 20:00:58.585787 - Street: 2, Velocity: 0.0, Num Cars: 91
2023-08-22 20:00:59.898435 - Street: 1, Velocity: 43.5, Num Cars: 99
2023-08-22 20:01:00.589819 - Street: 2, Velocity: 0.0, Num Cars: 92
2023-08-22 20:01:01.903815 - Street: 1, Velocity: 38.4, Num Cars: 100
2023-08-22 20:01:02.594543 - Street: 2, Velocity: 0.0, Num Cars: 93
2023-08-22 20:01:03.907704 - Street: 1, Velocity: 38.0, Num Cars: 100
2023-08-22 20:01:04.598387 - Street: 2, Velocity: 0.0, Num Cars: 94
2023-08-22 20:01:05.911923 - Street: 1, Velocity: 36.8, Num Cars: 100
2023-08-22 20:01:06.602368 - Street: 2, Velocity: 0.0, Num Cars: 95
2023-08-22 20:01:07.915908 - Street: 1, Velocity: 33.7, Num Cars: 100
2023-08-22 20:01:08.606588 - Street: 2, Velocity: 0.0, Num Cars: 96
2023-08-22 20:01:09.920809 - Street: 1, Velocity: 31.3, Num Cars: 100
2023-08-22 20:01:10.610817 - Street: 2, Velocity: 0.0, Num Cars: 97
2023-08-22 20:01:11.925998 - Street: 1, Velocity: 33.7, Num Cars: 100
2023-08-22 20:01:12.615252 - Street: 2, Velocity: 0.0, Num Cars: 98
2023-08-22 20:01:13.931244 - Street: 1, Velocity: 33.0, Num Cars: 100
2023-08-22 20:01:14.619179 - Street: 2, Velocity: 0.0, Num Cars: 99
2023-08-22 20:01:15.935784 - Street: 1, Velocity: 36.1, Num Cars: 100
2023-08-22 20:01:16.623568 - Street: 2, Velocity: 0.0, Num Cars: 100
2023-08-22 20:01:17.940811 - Street: 1, Velocity: 36.4, Num Cars: 100
2023-08-22 20:01:18.627473 - Street: 2, Velocity: 0.0, Num Cars: 100
2023-08-22 20:01:19.945236 - Street: 1, Velocity: 41.8, Num Cars: 100
2023-08-22 20:01:20.631673 - Street: 2, Velocity: 0.0, Num Cars: 100
2023-08-22 20:01:21.949549 - Street: 1, Velocity: 44.0, Num Cars: 100
2023-08-22 20:01:22.635650 - Street: 2, Velocity: 0.0, Num Cars: 100
2023-08-22 20:01:23.953889 - Street: 1, Velocity: 43.3, Num Cars: 100
2023-08-22 20:01:24.640238 - Street: 2, Velocity: 0.0, Num Cars: 100
2023-08-22 20:01:25.958004 - Street: 1, Velocity: 46.5, Num Cars: 100
2023-08-22 20:01:26.644823 - Street: 2, Velocity: 0.0, Num Cars: 100
2023-08-22 20:01:27.962438 - Street: 1, Velocity: 50.1, Num Cars: 100
2023-08-22 20:01:28.648862 - Street: 2, Velocity: 0.0, Num Cars: 100
2023-08-22 20:01:29.967774 - Street: 1, Velocity: 47.8, Num Cars: 100
2023-08-22 20:01:30.652928 - Street: 2, Velocity: 0.0, Num Cars: 100
2023-08-22 20:01:31.971385 - Street: 1, Velocity: 48.3, Num Cars: 100
2023-08-22 20:01:32.657237 - Street: 2, Velocity: 0.0, Num Cars: 100
2023-08-22 20:01:33.975666 - Street: 1, Velocity: 48.6, Num Cars: 100
2023-08-22 20:01:34.661536 - Street: 2, Velocity: 0.0, Num Cars: 100
2023-08-22 20:01:35.979952 - Street: 1, Velocity: 45.5, Num Cars: 100
2023-08-22 20:01:36.665518 - Street: 2, Velocity: 0.0, Num Cars: 100
2023-08-22 20:01:37.983717 - Street: 1, Velocity: 43.3, Num Cars: 100
2023-08-22 20:01:38.669856 - Street: 2, Velocity: 0.0, Num Cars: 100
2023-08-22 20:01:39.988802 - Street: 1, Velocity: 43.0, Num Cars: 100
2023-08-22 20:01:40.674113 - Street: 2, Velocity: 0.0, Num Cars: 100
2023-08-22 20:01:41.993518 - Street: 1, Velocity: 46.3, Num Cars: 100
2023-08-22 20:01:42.678517 - Street: 2, Velocity: 0.0, Num Cars: 100
2023-08-22 20:01:43.998262 - Street: 1, Velocity: 47.0, Num Cars: 100
2023-08-22 20:01:44.682607 - Street: 2, Velocity: 0.0, Num Cars: 100
2023-08-22 20:01:46.003118 - Street: 1, Velocity: 46.5, Num Cars: 100
2023-08-22 20:01:46.686646 - Street: 2, Velocity: 0.0, Num Cars: 100
2023-08-22 20:01:48.006511 - Street: 1, Velocity: 44.9, Num Cars: 100
2023-08-22 20:01:48.691283 - Street: 2, Velocity: 0.0, Num Cars: 100
2023-08-22 20:01:50.011035 - Street: 1, Velocity: 46.6, Num Cars: 100
2023-08-22 20:01:50.695715 - Street: 2, Velocity: 0.0, Num Cars: 100
2023-08-22 20:01:52.015467 - Street: 1, Velocity: 44.7, Num Cars: 100
2023-08-22 20:01:52.700406 - Street: 2, Velocity: 0.0, Num Cars: 100
2023-08-22 20:01:54.020013 - Street: 1, Velocity: 40.9, Num Cars: 100
2023-08-22 20:01:54.704261 - Street: 2, Velocity: 0.0, Num Cars: 100
2023-08-22 20:01:56.024196 - Street: 1, Velocity: 45.3, Num Cars: 100
2023-08-22 20:01:56.709147 - Street: 2, Velocity: 0.0, Num Cars: 100
2023-08-22 20:01:58.028281 - Street: 1, Velocity: 47.5, Num Cars: 100
2023-08-22 20:01:58.713268 - Street: 2, Velocity: 0.0, Num Cars: 100
2023-08-22 20:02:00.032606 - Street: 1, Velocity: 47.2, Num Cars: 100
2023-08-22 20:02:00.717405 - Street: 2, Velocity: 0.0, Num Cars: 100
2023-08-22 20:02:02.036963 - Street: 1, Velocity: 46.5, Num Cars: 100
2023-08-22 20:02:02.721582 - Street: 2, Velocity: 0.0, Num Cars: 100
2023-08-22 20:02:04.041923 - Street: 1, Velocity: 45.4, Num Cars: 100
2023-08-22 20:02:04.725940 - Street: 2, Velocity: 0.0, Num Cars: 100
2023-08-22 20:02:06.046249 - Street: 1, Velocity: 44.6, Num Cars: 100
2023-08-22 20:02:06.729582 - Street: 2, Velocity: 0.0, Num Cars: 100
2023-08-22 20:02:08.051394 - Street: 1, Velocity: 44.6, Num Cars: 100
2023-08-22 20:02:08.733808 - Street: 2, Velocity: 0.0, Num Cars: 100
2023-08-22 20:02:10.056013 - Street: 1, Velocity: 43.2, Num Cars: 100
2023-08-22 20:02:10.737914 - Street: 2, Velocity: 0.0, Num Cars: 100
2023-08-22 20:02:12.061153 - Street: 1, Velocity: 42.4, Num Cars: 100
2023-08-22 20:02:12.742133 - Street: 2, Velocity: 0.0, Num Cars: 100
2023-08-22 20:02:14.065691 - Street: 1, Velocity: 45.6, Num Cars: 100
2023-08-22 20:02:14.746131 - Street: 2, Velocity: 0.0, Num Cars: 100
2023-08-22 20:02:16.070331 - Street: 1, Velocity: 43.7, Num Cars: 100
2023-08-22 20:02:16.750250 - Street: 2, Velocity: 0.0, Num Cars: 100
2023-08-22 20:02:18.074895 - Street: 1, Velocity: 41.7, Num Cars: 100
2023-08-22 20:02:18.754254 - Street: 2, Velocity: 0.0, Num Cars: 100
2023-08-22 20:02:20.077801 - Street: 1, Velocity: 40.8, Num Cars: 100
2023-08-22 20:02:20.758795 - Street: 2, Velocity: 0.0, Num Cars: 100
2023-08-22 20:02:22.082314 - Street: 1, Velocity: 40.9, Num Cars: 100
2023-08-22 20:02:22.763216 - Street: 2, Velocity: 0.0, Num Cars: 100
2023-08-22 20:02:24.089520 - Street: 1, Velocity: 39.9, Num Cars: 100
2023-08-22 20:02:24.767186 - Street: 2, Velocity: 0.0, Num Cars: 100
2023-08-22 20:02:26.093773 - Street: 1, Velocity: 40.9, Num Cars: 100
2023-08-22 20:02:26.771459 - Street: 2, Velocity: 0.0, Num Cars: 100
2023-08-22 20:02:28.097986 - Street: 1, Velocity: 41.5, Num Cars: 100
2023-08-22 20:02:28.775505 - Street: 2, Velocity: 0.0, Num Cars: 100
2023-08-22 20:02:30.101877 - Street: 1, Velocity: 41.3, Num Cars: 100
2023-08-22 20:02:30.779501 - Street: 2, Velocity: 0.0, Num Cars: 100
2023-08-22 20:02:32.105964 - Street: 1, Velocity: 43.0, Num Cars: 100
2023-08-22 20:02:32.781830 - Street: 2, Velocity: 0.0, Num Cars: 100
2023-08-22 20:02:34.110237 - Street: 1, Velocity: 45.1, Num Cars: 100
2023-08-22 20:02:34.786072 - Street: 2, Velocity: 0.0, Num Cars: 100
2023-08-22 20:02:36.115266 - Street: 1, Velocity: 45.0, Num Cars: 100
2023-08-22 20:02:36.790542 - Street: 2, Velocity: 0.0, Num Cars: 100
2023-08-22 20:02:38.120318 - Street: 1, Velocity: 48.0, Num Cars: 100
2023-08-22 20:02:38.794828 - Street: 2, Velocity: 0.0, Num Cars: 100
2023-08-22 20:02:40.125092 - Street: 1, Velocity: 48.9, Num Cars: 100
2023-08-22 20:02:40.798897 - Street: 2, Velocity: 0.0, Num Cars: 100
2023-08-22 20:02:42.130047 - Street: 1, Velocity: 46.4, Num Cars: 100
2023-08-22 20:02:42.801906 - Street: 2, Velocity: 0.0, Num Cars: 100
2023-08-22 20:02:44.135044 - Street: 1, Velocity: 48.5, Num Cars: 100
2023-08-22 20:02:44.806078 - Street: 2, Velocity: 0.0, Num Cars: 100
2023-08-22 20:02:46.139330 - Street: 1, Velocity: 47.9, Num Cars: 100
2023-08-22 20:02:46.810083 - Street: 2, Velocity: 0.0, Num Cars: 100
2023-08-22 20:02:48.141705 - Street: 1, Velocity: 48.2, Num Cars: 100
2023-08-22 20:02:48.814133 - Street: 2, Velocity: 0.0, Num Cars: 100
2023-08-22 20:02:50.146541 - Street: 1, Velocity: 48.2, Num Cars: 100
2023-08-22 20:02:50.818171 - Street: 2, Velocity: 0.0, Num Cars: 100
2023-08-22 20:02:52.151223 - Street: 1, Velocity: 48.7, Num Cars: 100
2023-08-22 20:02:52.822353 - Street: 2, Velocity: 0.0, Num Cars: 100
2023-08-22 20:02:54.155728 - Street: 1, Velocity: 47.0, Num Cars: 100
2023-08-22 20:02:54.825543 - Street: 2, Velocity: 0.0, Num Cars: 100
2023-08-22 20:02:56.159580 - Street: 1, Velocity: 49.6, Num Cars: 100
2023-08-22 20:02:56.830374 - Street: 2, Velocity: 0.0, Num Cars: 100
2023-08-22 20:02:58.164339 - Street: 1, Velocity: 50.7, Num Cars: 100
2023-08-22 20:02:58.834119 - Street: 2, Velocity: 0.0, Num Cars: 100
2023-08-22 20:03:00.168486 - Street: 1, Velocity: 47.5, Num Cars: 100
2023-08-22 20:03:00.837819 - Street: 2, Velocity: 0.0, Num Cars: 100
2023-08-22 20:03:02.172843 - Street: 1, Velocity: 45.0, Num Cars: 100
2023-08-22 20:03:02.842128 - Street: 2, Velocity: 0.0, Num Cars: 100
2023-08-22 20:03:04.177914 - Street: 1, Velocity: 43.4, Num Cars: 100
2023-08-22 20:03:04.846168 - Street: 2, Velocity: 0.0, Num Cars: 100
2023-08-22 20:03:06.182430 - Street: 1, Velocity: 44.6, Num Cars: 100
2023-08-22 20:03:06.850476 - Street: 2, Velocity: 0.0, Num Cars: 100
2023-08-22 20:03:08.187066 - Street: 1, Velocity: 46.0, Num Cars: 100
2023-08-22 20:03:08.854468 - Street: 2, Velocity: 0.0, Num Cars: 100
2023-08-22 20:03:10.191802 - Street: 1, Velocity: 47.1, Num Cars: 100
2023-08-22 20:03:10.858287 - Street: 2, Velocity: 0.0, Num Cars: 100
2023-08-22 20:03:12.196642 - Street: 1, Velocity: 45.0, Num Cars: 100
2023-08-22 20:03:12.862548 - Street: 2, Velocity: 0.0, Num Cars: 100
2023-08-22 20:03:14.201447 - Street: 1, Velocity: 44.2, Num Cars: 100
2023-08-22 20:03:14.867015 - Street: 2, Velocity: 0.0, Num Cars: 100
2023-08-22 20:03:16.205613 - Street: 1, Velocity: 42.1, Num Cars: 100
2023-08-22 20:03:16.871101 - Street: 2, Velocity: 0.0, Num Cars: 100
2023-08-22 20:03:18.209974 - Street: 1, Velocity: 40.1, Num Cars: 100
2023-08-22 20:03:18.875287 - Street: 2, Velocity: 0.0, Num Cars: 100
2023-08-22 20:03:20.214084 - Street: 1, Velocity: 39.4, Num Cars: 100
2023-08-22 20:03:20.879047 - Street: 2, Velocity: 0.0, Num Cars: 100
2023-08-22 20:03:22.218092 - Street: 1, Velocity: 41.6, Num Cars: 100
2023-08-22 20:03:22.883134 - Street: 2, Velocity: 0.0, Num Cars: 100
2023-08-22 20:03:24.222235 - Street: 1, Velocity: 43.5, Num Cars: 100
2023-08-22 20:03:24.887492 - Street: 2, Velocity: 0.0, Num Cars: 100
2023-08-22 20:03:26.226420 - Street: 1, Velocity: 38.8, Num Cars: 100
2023-08-22 20:03:26.891787 - Street: 2, Velocity: 0.0, Num Cars: 100
2023-08-22 20:03:28.230362 - Street: 1, Velocity: 39.7, Num Cars: 100
2023-08-22 20:03:28.896061 - Street: 2, Velocity: 0.0, Num Cars: 100
2023-08-22 20:03:30.235368 - Street: 1, Velocity: 43.4, Num Cars: 100
2023-08-22 20:03:30.900122 - Street: 2, Velocity: 0.0, Num Cars: 100
2023-08-22 20:03:32.237688 - Street: 1, Velocity: 44.6, Num Cars: 100
2023-08-22 20:03:32.904499 - Street: 2, Velocity: 0.0, Num Cars: 100
2023-08-22 20:03:34.242001 - Street: 1, Velocity: 42.1, Num Cars: 100
2023-08-22 20:03:34.908716 - Street: 2, Velocity: 0.0, Num Cars: 100
2023-08-22 20:03:36.246668 - Street: 1, Velocity: 39.7, Num Cars: 100
2023-08-22 20:03:36.913069 - Street: 2, Velocity: 0.0, Num Cars: 100
2023-08-22 20:03:38.251413 - Street: 1, Velocity: 38.8, Num Cars: 100
2023-08-22 20:03:38.917082 - Street: 2, Velocity: 0.0, Num Cars: 100
2023-08-22 20:03:40.256291 - Street: 1, Velocity: 40.6, Num Cars: 100
2023-08-22 20:03:40.920876 - Street: 2, Velocity: 0.0, Num Cars: 100
2023-08-22 20:03:42.261099 - Street: 1, Velocity: 43.9, Num Cars: 100
2023-08-22 20:03:42.925072 - Street: 2, Velocity: 0.0, Num Cars: 100
2023-08-22 20:03:44.265576 - Street: 1, Velocity: 44.2, Num Cars: 100
2023-08-22 20:03:44.929415 - Street: 2, Velocity: 0.0, Num Cars: 100
2023-08-22 20:03:46.270318 - Street: 1, Velocity: 45.8, Num Cars: 100
2023-08-22 20:03:46.933394 - Street: 2, Velocity: 0.0, Num Cars: 100
2023-08-22 20:03:48.273627 - Street: 1, Velocity: 42.6, Num Cars: 100
2023-08-22 20:03:48.937524 - Street: 2, Velocity: 0.0, Num Cars: 100
2023-08-22 20:03:50.277665 - Street: 1, Velocity: 40.3, Num Cars: 100
2023-08-22 20:03:50.941666 - Street: 2, Velocity: 0.0, Num Cars: 100
2023-08-22 20:03:52.281871 - Street: 1, Velocity: 37.0, Num Cars: 100
2023-08-22 20:03:52.945783 - Street: 2, Velocity: 0.0, Num Cars: 100
2023-08-22 20:03:54.286198 - Street: 1, Velocity: 40.6, Num Cars: 100
2023-08-22 20:03:54.950847 - Street: 2, Velocity: 0.0, Num Cars: 100
2023-08-22 20:03:56.290599 - Street: 1, Velocity: 41.7, Num Cars: 100
2023-08-22 20:03:56.955135 - Street: 2, Velocity: 0.0, Num Cars: 100
2023-08-22 20:03:58.294593 - Street: 1, Velocity: 41.1, Num Cars: 100
2023-08-22 20:03:58.959367 - Street: 2, Velocity: 0.0, Num Cars: 100
2023-08-22 20:04:00.299192 - Street: 1, Velocity: 42.1, Num Cars: 100
2023-08-22 20:04:00.963731 - Street: 2, Velocity: 0.0, Num Cars: 100
2023-08-22 20:04:02.304152 - Street: 1, Velocity: 37.2, Num Cars: 100
2023-08-22 20:04:02.966159 - Street: 2, Velocity: 0.0, Num Cars: 100
2023-08-22 20:04:04.308773 - Street: 1, Velocity: 35.5, Num Cars: 100
2023-08-22 20:04:04.970190 - Street: 2, Velocity: 0.0, Num Cars: 100
2023-08-22 20:04:06.313951 - Street: 1, Velocity: 36.3, Num Cars: 100
2023-08-22 20:04:06.974544 - Street: 2, Velocity: 0.0, Num Cars: 100
2023-08-22 20:04:08.318490 - Street: 1, Velocity: 35.2, Num Cars: 100
2023-08-22 20:04:08.978872 - Street: 2, Velocity: 0.0, Num Cars: 100
2023-08-22 20:04:10.322814 - Street: 1, Velocity: 35.0, Num Cars: 100
2023-08-22 20:04:10.983200 - Street: 2, Velocity: 0.0, Num Cars: 100
2023-08-22 20:04:12.327165 - Street: 1, Velocity: 39.2, Num Cars: 100
2023-08-22 20:04:12.987228 - Street: 2, Velocity: 0.0, Num Cars: 100
2023-08-22 20:04:14.330169 - Street: 1, Velocity: 37.0, Num Cars: 100
2023-08-22 20:04:14.990237 - Street: 2, Velocity: 0.0, Num Cars: 100
2023-08-22 20:04:16.337192 - Street: 1, Velocity: 37.9, Num Cars: 100
2023-08-22 20:04:16.993609 - Street: 2, Velocity: 0.0, Num Cars: 100
2023-08-22 20:04:18.341976 - Street: 1, Velocity: 39.1, Num Cars: 100
2023-08-22 20:04:18.998097 - Street: 2, Velocity: 0.0, Num Cars: 100
2023-08-22 20:04:20.346214 - Street: 1, Velocity: 38.0, Num Cars: 100
2023-08-22 20:04:21.002615 - Street: 2, Velocity: 0.0, Num Cars: 100
2023-08-22 20:04:22.350239 - Street: 1, Velocity: 37.8, Num Cars: 100
2023-08-22 20:04:23.006562 - Street: 2, Velocity: 0.0, Num Cars: 100
2023-08-22 20:04:24.354360 - Street: 1, Velocity: 38.1, Num Cars: 100
2023-08-22 20:04:25.009796 - Street: 2, Velocity: 0.0, Num Cars: 100
2023-08-22 20:04:26.358712 - Street: 1, Velocity: 38.5, Num Cars: 100
2023-08-22 20:04:27.013687 - Street: 2, Velocity: 0.0, Num Cars: 100
2023-08-22 20:04:28.363673 - Street: 1, Velocity: 39.8, Num Cars: 100
2023-08-22 20:04:29.018156 - Street: 2, Velocity: 0.0, Num Cars: 100
2023-08-22 20:04:30.366498 - Street: 1, Velocity: 42.8, Num Cars: 100
2023-08-22 20:04:31.021029 - Street: 2, Velocity: 0.0, Num Cars: 100
2023-08-22 20:04:32.370955 - Street: 1, Velocity: 40.6, Num Cars: 100
2023-08-22 20:04:33.025297 - Street: 2, Velocity: 0.0, Num Cars: 100
2023-08-23 15:52:41.630329 - Street: 1, Velocity: 57.0, Num Cars: 0
2023-08-23 15:52:42.314208 - Street: 2, Velocity: 14.0, Num Cars: 8
2023-08-23 15:52:43.632541 - Street: 1, Velocity: 42.5, Num Cars: 0
2023-08-23 15:52:44.319913 - Street: 2, Velocity: 22.5, Num Cars: 9
2023-08-23 15:52:45.637892 - Street: 1, Velocity: 36.0, Num Cars: 0
2023-08-23 15:52:46.322391 - Street: 2, Velocity: 22.666666666666668, Num Cars: 10
2023-08-23 15:52:47.641811 - Street: 1, Velocity: 32.0, Num Cars: 0
2023-08-23 15:52:48.326868 - Street: 2, Velocity: 19.5, Num Cars: 11
2023-08-23 15:52:49.646972 - Street: 1, Velocity: 37.4, Num Cars: 0
2023-08-23 15:52:50.329800 - Street: 2, Velocity: 18.8, Num Cars: 12
2023-08-23 15:52:51.652231 - Street: 1, Velocity: 39.0, Num Cars: 0
2023-08-23 15:52:52.334162 - Street: 2, Velocity: 18.333333333333332, Num Cars: 13
2023-08-23 15:52:53.656152 - Street: 1, Velocity: 39.57142857142857, Num Cars: 0
2023-08-23 15:52:54.338311 - Street: 2, Velocity: 18.857142857142858, Num Cars: 14
2023-08-23 15:52:55.659256 - Street: 1, Velocity: 43.125, Num Cars: 0
2023-08-23 15:52:56.342495 - Street: 2, Velocity: 19.625, Num Cars: 15
2023-08-23 15:52:57.664476 - Street: 1, Velocity: 46.77777777777778, Num Cars: 0
2023-08-23 15:52:58.346981 - Street: 2, Velocity: 19.0, Num Cars: 16
2023-08-23 15:52:59.668424 - Street: 1, Velocity: 48.4, Num Cars: 0
2023-08-23 15:53:00.350848 - Street: 2, Velocity: 17.2, Num Cars: 17
2023-08-23 15:53:01.671257 - Street: 1, Velocity: 48.5, Num Cars: 0
2023-08-23 15:53:02.354929 - Street: 2, Velocity: 19.4, Num Cars: 18
2023-08-23 15:53:03.674721 - Street: 1, Velocity: 53.3, Num Cars: 0
2023-08-23 15:53:04.359080 - Street: 2, Velocity: 18.9, Num Cars: 19
2023-08-23 15:53:05.678636 - Street: 1, Velocity: 53.1, Num Cars: 0
2023-08-23 15:53:06.362412 - Street: 2, Velocity: 18.6, Num Cars: 20
2023-08-23 15:53:07.682738 - Street: 1, Velocity: 54.7, Num Cars: 0
2023-08-23 15:53:08.366976 - Street: 2, Velocity: 20.1, Num Cars: 21
2023-08-23 15:53:09.686849 - Street: 1, Velocity: 53.6, Num Cars: 0
2023-08-23 15:53:10.370544 - Street: 2, Velocity: 22.4, Num Cars: 22
2023-08-23 15:53:11.691040 - Street: 1, Velocity: 52.1, Num Cars: 0
2023-08-23 15:53:12.374737 - Street: 2, Velocity: 23.4, Num Cars: 23
2023-08-23 15:53:13.695230 - Street: 1, Velocity: 50.1, Num Cars: 0
2023-08-23 15:53:14.378995 - Street: 2, Velocity: 21.8, Num Cars: 24
2023-08-23 15:53:15.699518 - Street: 1, Velocity: 48.4, Num Cars: 0
2023-08-23 15:53:16.383105 - Street: 2, Velocity: 22.5, Num Cars: 25
2023-08-23 15:53:17.703358 - Street: 1, Velocity: 47.2, Num Cars: 0
2023-08-23 15:53:18.386639 - Street: 2, Velocity: 23.0, Num Cars: 26
2023-08-23 15:53:19.707650 - Street: 1, Velocity: 46.4, Num Cars: 0
2023-08-23 15:53:20.390993 - Street: 2, Velocity: 23.6, Num Cars: 27
2023-08-23 15:53:21.712385 - Street: 1, Velocity: 47.0, Num Cars: 0
2023-08-23 15:53:22.395329 - Street: 2, Velocity: 22.6, Num Cars: 28
2023-08-23 15:53:23.717116 - Street: 1, Velocity: 42.4, Num Cars: 0
2023-08-23 15:53:24.399339 - Street: 2, Velocity: 23.9, Num Cars: 29
2023-08-23 15:53:25.722082 - Street: 1, Velocity: 47.2, Num Cars: 0
2023-08-23 15:53:26.403921 - Street: 2, Velocity: 23.7, Num Cars: 30
2023-08-23 15:53:27.725499 - Street: 1, Velocity: 48.4, Num Cars: 0
2023-08-23 15:53:28.407906 - Street: 2, Velocity: 22.7, Num Cars: 31
2023-08-23 15:53:29.730491 - Street: 1, Velocity: 47.4, Num Cars: 0
2023-08-23 15:53:30.412408 - Street: 2, Velocity: 21.3, Num Cars: 32
2023-08-23 15:53:31.734626 - Street: 1, Velocity: 48.5, Num Cars: 0
2023-08-23 15:53:32.415360 - Street: 2, Velocity: 20.9, Num Cars: 33
2023-08-23 15:53:33.738504 - Street: 1, Velocity: 52.4, Num Cars: 0
2023-08-23 15:53:34.418797 - Street: 2, Velocity: 23.2, Num Cars: 34
2023-08-23 15:53:35.743826 - Street: 1, Velocity: 55.0, Num Cars: 0
2023-08-23 15:53:36.422593 - Street: 2, Velocity: 20.3, Num Cars: 35
2023-08-23 15:53:37.746019 - Street: 1, Velocity: 55.2, Num Cars: 0
2023-08-23 15:53:38.426657 - Street: 2, Velocity: 19.3, Num Cars: 36
2023-08-23 15:53:39.750715 - Street: 1, Velocity: 54.7, Num Cars: 0
2023-08-23 15:53:40.430960 - Street: 2, Velocity: 20.9, Num Cars: 37
2023-08-23 15:53:41.755320 - Street: 1, Velocity: 54.2, Num Cars: 0
2023-08-23 15:53:42.434756 - Street: 2, Velocity: 22.2, Num Cars: 38
2023-08-23 15:53:43.758971 - Street: 1, Velocity: 54.6, Num Cars: 0
2023-08-23 15:53:44.438766 - Street: 2, Velocity: 19.1, Num Cars: 39
2023-08-23 15:53:45.763145 - Street: 1, Velocity: 53.0, Num Cars: 0
2023-08-23 15:53:46.442874 - Street: 2, Velocity: 17.4, Num Cars: 40
2023-08-23 15:53:47.767880 - Street: 1, Velocity: 54.7, Num Cars: 0
2023-08-23 15:53:48.447234 - Street: 2, Velocity: 16.7, Num Cars: 41
2023-08-23 15:53:49.772659 - Street: 1, Velocity: 53.6, Num Cars: 0
2023-08-23 15:53:50.451848 - Street: 2, Velocity: 15.0, Num Cars: 42
2023-08-23 15:53:51.775220 - Street: 1, Velocity: 51.6, Num Cars: 0
2023-08-23 15:53:52.454295 - Street: 2, Velocity: 16.7, Num Cars: 43
2023-08-23 15:53:53.778832 - Street: 1, Velocity: 49.1, Num Cars: 0
2023-08-23 15:53:54.458467 - Street: 2, Velocity: 17.5, Num Cars: 44
2023-08-23 15:53:55.783858 - Street: 1, Velocity: 44.8, Num Cars: 0
2023-08-23 15:53:56.462752 - Street: 2, Velocity: 20.4, Num Cars: 45
2023-08-23 15:53:57.788224 - Street: 1, Velocity: 44.2, Num Cars: 0
2023-08-23 15:53:58.466995 - Street: 2, Velocity: 22.6, Num Cars: 46
2023-08-23 15:53:59.792296 - Street: 1, Velocity: 42.2, Num Cars: 0
2023-08-23 15:54:00.471015 - Street: 2, Velocity: 22.4, Num Cars: 47
2023-08-23 15:54:01.797069 - Street: 1, Velocity: 41.4, Num Cars: 0
2023-08-23 15:54:02.475366 - Street: 2, Velocity: 22.3, Num Cars: 48
2023-08-23 15:54:03.801404 - Street: 1, Velocity: 41.3, Num Cars: 0
2023-08-23 15:54:04.478397 - Street: 2, Velocity: 24.7, Num Cars: 49
2023-08-23 15:54:05.805616 - Street: 1, Velocity: 42.0, Num Cars: 0
2023-08-23 15:54:06.482586 - Street: 2, Velocity: 24.8, Num Cars: 50
2023-08-23 15:54:07.809734 - Street: 1, Velocity: 39.1, Num Cars: 0
2023-08-23 15:54:08.486721 - Street: 2, Velocity: 25.6, Num Cars: 51
2023-08-23 15:54:09.814086 - Street: 1, Velocity: 42.4, Num Cars: 0
2023-08-23 15:54:10.490881 - Street: 2, Velocity: 26.0, Num Cars: 52
2023-08-23 15:54:11.818583 - Street: 1, Velocity: 47.0, Num Cars: 0
2023-08-23 15:54:12.494870 - Street: 2, Velocity: 22.9, Num Cars: 53
2023-08-23 15:54:13.823923 - Street: 1, Velocity: 48.6, Num Cars: 0
2023-08-23 15:54:14.498571 - Street: 2, Velocity: 19.3, Num Cars: 54
2023-08-23 15:54:14.500120 - Congestion Detected on Street 2
2023-08-23 15:54:14.501554 - Invalid Additional Time or Semaforo is not open. No adjustment.
2023-08-23 15:54:15.827772 - Street: 1, Velocity: 47.6, Num Cars: 0
2023-08-23 15:54:16.502740 - Street: 2, Velocity: 17.9, Num Cars: 55
2023-08-23 15:54:17.832379 - Street: 1, Velocity: 48.5, Num Cars: 0
2023-08-23 15:54:18.507148 - Street: 2, Velocity: 16.7, Num Cars: 56
2023-08-23 15:54:19.837080 - Street: 1, Velocity: 51.4, Num Cars: 0
2023-08-23 15:54:20.511927 - Street: 2, Velocity: 16.0, Num Cars: 57
2023-08-23 15:54:21.839006 - Street: 1, Velocity: 49.3, Num Cars: 0
2023-08-23 15:54:22.515912 - Street: 2, Velocity: 15.5, Num Cars: 58
2023-08-23 15:54:23.844106 - Street: 1, Velocity: 49.6, Num Cars: 0
2023-08-23 15:54:24.520291 - Street: 2, Velocity: 12.3, Num Cars: 59
2023-08-23 15:54:25.847316 - Street: 1, Velocity: 47.6, Num Cars: 0
2023-08-23 15:54:26.522972 - Street: 2, Velocity: 15.2, Num Cars: 60
2023-08-23 15:54:27.851692 - Street: 1, Velocity: 50.9, Num Cars: 0
2023-08-23 15:54:28.526782 - Street: 2, Velocity: 15.9, Num Cars: 61
2023-08-23 15:54:29.855392 - Street: 1, Velocity: 48.0, Num Cars: 0
2023-08-23 15:54:30.531043 - Street: 2, Velocity: 15.3, Num Cars: 62
2023-08-23 15:54:31.860475 - Street: 1, Velocity: 45.4, Num Cars: 0
2023-08-23 15:54:32.535567 - Street: 2, Velocity: 17.6, Num Cars: 63
2023-08-23 15:54:33.862555 - Street: 1, Velocity: 45.3, Num Cars: 0
2023-08-23 15:54:34.538924 - Street: 2, Velocity: 19.2, Num Cars: 64
2023-08-23 15:54:35.866896 - Street: 1, Velocity: 49.8, Num Cars: 0
2023-08-23 15:54:36.542804 - Street: 2, Velocity: 18.7, Num Cars: 65
2023-08-23 15:54:37.870600 - Street: 1, Velocity: 45.2, Num Cars: 0
2023-08-23 15:54:38.546594 - Street: 2, Velocity: 18.1, Num Cars: 66
2023-08-23 15:54:39.874630 - Street: 1, Velocity: 46.0, Num Cars: 0
2023-08-23 15:54:40.550955 - Street: 2, Velocity: 18.5, Num Cars: 67
2023-08-23 15:54:41.878351 - Street: 1, Velocity: 47.3, Num Cars: 0
2023-08-23 15:54:42.555139 - Street: 2, Velocity: 17.8, Num Cars: 68
2023-08-23 15:54:43.882960 - Street: 1, Velocity: 48.1, Num Cars: 0
2023-08-23 15:54:44.559379 - Street: 2, Velocity: 17.9, Num Cars: 69
2023-08-23 15:54:45.886908 - Street: 1, Velocity: 48.4, Num Cars: 0
2023-08-23 15:54:46.562460 - Street: 2, Velocity: 18.0, Num Cars: 70
2023-08-23 15:54:47.890690 - Street: 1, Velocity: 49.4, Num Cars: 0
2023-08-23 15:54:48.566832 - Street: 2, Velocity: 18.4, Num Cars: 71
2023-08-23 15:54:49.895385 - Street: 1, Velocity: 48.4, Num Cars: 0
2023-08-23 15:54:50.571225 - Street: 2, Velocity: 18.5, Num Cars: 72
2023-08-23 15:54:51.899902 - Street: 1, Velocity: 48.1, Num Cars: 0
2023-08-23 15:54:52.574153 - Street: 2, Velocity: 15.5, Num Cars: 73
2023-08-23 15:54:53.904352 - Street: 1, Velocity: 48.6, Num Cars: 0
2023-08-23 15:54:54.578659 - Street: 2, Velocity: 15.2, Num Cars: 74
2023-08-23 15:54:55.907695 - Street: 1, Velocity: 44.4, Num Cars: 0
2023-08-23 15:54:56.582804 - Street: 2, Velocity: 17.6, Num Cars: 75
2023-08-23 15:54:57.912879 - Street: 1, Velocity: 48.2, Num Cars: 0
2023-08-23 15:54:58.587157 - Street: 2, Velocity: 16.9, Num Cars: 76
2023-08-23 15:54:59.917641 - Street: 1, Velocity: 48.4, Num Cars: 0
2023-08-23 15:55:00.591703 - Street: 2, Velocity: 17.7, Num Cars: 77
2023-08-23 15:55:01.921695 - Street: 1, Velocity: 47.1, Num Cars: 0
2023-08-23 15:55:02.594737 - Street: 2, Velocity: 18.6, Num Cars: 78
2023-08-23 15:55:03.925981 - Street: 1, Velocity: 44.9, Num Cars: 0
2023-08-23 15:55:04.598740 - Street: 2, Velocity: 21.1, Num Cars: 79
2023-08-23 15:55:04.603010 - Congestion Cleared on Street 2
2023-08-23 15:55:04.604744 - Invalid Additional Time or Semaforo is not open. No adjustment.
2023-08-23 15:55:05.930459 - Street: 1, Velocity: 44.6, Num Cars: 0
2023-08-23 15:55:06.602673 - Street: 2, Velocity: 18.5, Num Cars: 80
2023-08-23 15:55:06.606920 - Congestion Detected on Street 2
2023-08-23 15:55:06.608591 - Invalid Additional Time or Semaforo is not open. No adjustment.
2023-08-23 15:55:07.934538 - Street: 1, Velocity: 40.8, Num Cars: 0
2023-08-23 15:55:08.606690 - Street: 2, Velocity: 16.2, Num Cars: 81
2023-08-23 15:55:09.939324 - Street: 1, Velocity: 41.7, Num Cars: 0
2023-08-23 15:55:10.610766 - Street: 2, Velocity: 15.7, Num Cars: 82
2023-08-23 15:55:11.943462 - Street: 1, Velocity: 41.0, Num Cars: 0
2023-08-23 15:55:12.614865 - Street: 2, Velocity: 16.4, Num Cars: 83
2023-08-23 15:55:13.947917 - Street: 1, Velocity: 42.0, Num Cars: 0
2023-08-23 15:55:14.619457 - Street: 2, Velocity: 17.6, Num Cars: 84
2023-08-23 16:10:22.942722 - Street: 2, Velocity: 39.0, Num Cars: 6
2023-08-23 16:10:23.173550 - Street: 1, Velocity: 39.0, Num Cars: 4
2023-08-23 16:10:24.943933 - Street: 2, Velocity: 31.5, Num Cars: 7
2023-08-23 16:10:25.177929 - Street: 1, Velocity: 39.0, Num Cars: 5
2023-08-23 16:10:26.948350 - Street: 2, Velocity: 30.666666666666668, Num Cars: 8
2023-08-23 16:10:27.182309 - Street: 1, Velocity: 47.333333333333336, Num Cars: 6
2023-08-23 16:10:28.952480 - Street: 2, Velocity: 25.0, Num Cars: 9
2023-08-23 16:10:29.186318 - Street: 1, Velocity: 41.75, Num Cars: 7
2023-08-23 16:10:30.957027 - Street: 2, Velocity: 20.2, Num Cars: 10
2023-08-23 16:10:31.190531 - Street: 1, Velocity: 40.6, Num Cars: 8
2023-08-23 16:10:32.961864 - Street: 2, Velocity: 19.166666666666668, Num Cars: 11
2023-08-23 16:10:33.194485 - Street: 1, Velocity: 44.5, Num Cars: 9
2023-08-23 16:10:34.966674 - Street: 2, Velocity: 20.428571428571427, Num Cars: 12
2023-08-23 16:10:35.198551 - Street: 1, Velocity: 46.714285714285715, Num Cars: 10
2023-08-23 16:10:36.970917 - Street: 2, Velocity: 22.625, Num Cars: 13
2023-08-23 16:10:37.203067 - Street: 1, Velocity: 46.75, Num Cars: 11
2023-08-23 16:10:38.974659 - Street: 2, Velocity: 20.333333333333332, Num Cars: 14
2023-08-23 16:10:39.207151 - Street: 1, Velocity: 48.0, Num Cars: 12
2023-08-23 16:10:40.979190 - Street: 2, Velocity: 19.8, Num Cars: 15
2023-08-23 16:10:41.211457 - Street: 1, Velocity: 46.9, Num Cars: 13
2023-08-23 16:10:42.983181 - Street: 2, Velocity: 18.4, Num Cars: 16
2023-08-23 16:10:43.215668 - Street: 1, Velocity: 49.0, Num Cars: 14
2023-08-23 16:10:44.987846 - Street: 2, Velocity: 19.1, Num Cars: 17
2023-08-23 16:10:45.219619 - Street: 1, Velocity: 48.9, Num Cars: 15
2023-08-23 16:10:46.992437 - Street: 2, Velocity: 19.1, Num Cars: 18
2023-08-23 16:10:47.224134 - Street: 1, Velocity: 50.3, Num Cars: 16
2023-08-23 16:10:48.995053 - Street: 2, Velocity: 20.2, Num Cars: 19
2023-08-23 16:10:49.225396 - Street: 1, Velocity: 55.3, Num Cars: 17
2023-08-23 16:10:50.998434 - Street: 2, Velocity: 22.7, Num Cars: 20
2023-08-23 16:10:51.229390 - Street: 1, Velocity: 54.6, Num Cars: 18
2023-08-23 16:10:53.001670 - Street: 2, Velocity: 22.6, Num Cars: 21
2023-08-23 16:10:53.233393 - Street: 1, Velocity: 53.0, Num Cars: 19
2023-08-23 16:10:55.006629 - Street: 2, Velocity: 23.0, Num Cars: 22
2023-08-23 16:10:55.237845 - Street: 1, Velocity: 53.8, Num Cars: 20
2023-08-23 16:10:57.010909 - Street: 2, Velocity: 20.2, Num Cars: 23
2023-08-23 16:10:57.242090 - Street: 1, Velocity: 56.0, Num Cars: 21
2023-08-23 16:10:59.015262 - Street: 2, Velocity: 23.5, Num Cars: 24
2023-08-23 16:10:59.246143 - Street: 1, Velocity: 53.8, Num Cars: 22
2023-08-23 16:11:01.020970 - Street: 2, Velocity: 22.4, Num Cars: 25
2023-08-23 16:11:01.250699 - Street: 1, Velocity: 52.6, Num Cars: 23
2023-08-23 16:11:03.027734 - Street: 2, Velocity: 23.2, Num Cars: 26
2023-08-23 16:11:03.254940 - Street: 1, Velocity: 51.0, Num Cars: 24
2023-08-23 16:11:05.030169 - Street: 2, Velocity: 21.1, Num Cars: 27
2023-08-23 16:11:05.259731 - Street: 1, Velocity: 51.0, Num Cars: 25
2023-08-23 16:11:07.034612 - Street: 2, Velocity: 22.1, Num Cars: 28
2023-08-23 16:11:07.262551 - Street: 1, Velocity: 45.9, Num Cars: 26
2023-08-23 16:11:09.041447 - Street: 2, Velocity: 21.1, Num Cars: 29
2023-08-23 16:11:09.266499 - Street: 1, Velocity: 43.2, Num Cars: 27
2023-08-23 16:11:11.045889 - Street: 2, Velocity: 21.3, Num Cars: 30
2023-08-23 16:11:11.270992 - Street: 1, Velocity: 43.2, Num Cars: 28
2023-08-23 16:11:13.050355 - Street: 2, Velocity: 20.2, Num Cars: 31
2023-08-23 16:11:13.274948 - Street: 1, Velocity: 41.6, Num Cars: 29
2023-08-23 16:11:15.057360 - Street: 2, Velocity: 17.0, Num Cars: 32
2023-08-23 16:11:15.279074 - Street: 1, Velocity: 37.7, Num Cars: 30
2023-08-23 16:11:17.062526 - Street: 2, Velocity: 17.3, Num Cars: 33
2023-08-23 16:11:17.283230 - Street: 1, Velocity: 38.1, Num Cars: 31
2023-08-23 16:11:19.066854 - Street: 2, Velocity: 15.6, Num Cars: 34
2023-08-23 16:11:19.287193 - Street: 1, Velocity: 40.2, Num Cars: 32
2023-08-23 16:11:21.073578 - Street: 2, Velocity: 17.1, Num Cars: 35
2023-08-23 16:11:21.290608 - Street: 1, Velocity: 42.1, Num Cars: 33
2023-08-23 16:11:23.077774 - Street: 2, Velocity: 14.3, Num Cars: 36
2023-08-23 16:11:23.294616 - Street: 1, Velocity: 39.8, Num Cars: 34
2023-08-23 16:11:25.081917 - Street: 2, Velocity: 17.2, Num Cars: 37
2023-08-23 16:11:25.299019 - Street: 1, Velocity: 41.8, Num Cars: 35
2023-08-23 16:11:27.086676 - Street: 2, Velocity: 16.2, Num Cars: 38
2023-08-23 16:11:27.302564 - Street: 1, Velocity: 45.9, Num Cars: 36
2023-08-23 16:11:29.090475 - Street: 2, Velocity: 19.2, Num Cars: 39
2023-08-23 16:11:29.306858 - Street: 1, Velocity: 46.9, Num Cars: 37
2023-08-23 16:11:31.094497 - Street: 2, Velocity: 17.1, Num Cars: 40
2023-08-23 16:11:31.311261 - Street: 1, Velocity: 48.1, Num Cars: 38
2023-08-23 16:11:33.098650 - Street: 2, Velocity: 19.3, Num Cars: 41
2023-08-23 16:11:33.315972 - Street: 1, Velocity: 52.5, Num Cars: 39
2023-08-23 16:11:35.102984 - Street: 2, Velocity: 20.6, Num Cars: 42
2023-08-23 16:11:35.320153 - Street: 1, Velocity: 54.4, Num Cars: 40
2023-08-23 16:11:37.106731 - Street: 2, Velocity: 22.1, Num Cars: 43
2023-08-23 16:11:37.324264 - Street: 1, Velocity: 54.1, Num Cars: 41
2023-08-23 16:11:39.110869 - Street: 2, Velocity: 23.2, Num Cars: 44
2023-08-23 16:11:39.328316 - Street: 1, Velocity: 51.5, Num Cars: 42
2023-08-23 16:11:41.114982 - Street: 2, Velocity: 23.0, Num Cars: 45
2023-08-23 16:11:41.332278 - Street: 1, Velocity: 52.5, Num Cars: 43
2023-08-23 16:11:43.118890 - Street: 2, Velocity: 25.8, Num Cars: 46
2023-08-23 16:11:43.336344 - Street: 1, Velocity: 53.0, Num Cars: 44
2023-08-23 16:11:45.123090 - Street: 2, Velocity: 22.4, Num Cars: 47
2023-08-23 16:11:45.340600 - Street: 1, Velocity: 53.8, Num Cars: 45
2023-08-23 16:11:47.127129 - Street: 2, Velocity: 19.6, Num Cars: 48
2023-08-23 16:11:47.344322 - Street: 1, Velocity: 49.9, Num Cars: 46
2023-08-23 16:11:49.131279 - Street: 2, Velocity: 19.3, Num Cars: 49
2023-08-23 16:11:49.346258 - Street: 1, Velocity: 46.9, Num Cars: 47
2023-08-23 16:11:51.134694 - Street: 2, Velocity: 20.8, Num Cars: 50
2023-08-23 16:11:51.350703 - Street: 1, Velocity: 49.7, Num Cars: 48
2023-08-23 16:11:53.141896 - Street: 2, Velocity: 22.3, Num Cars: 51
2023-08-23 16:11:53.354770 - Street: 1, Velocity: 48.3, Num Cars: 49
2023-08-23 16:11:55.146760 - Street: 2, Velocity: 21.5, Num Cars: 52
2023-08-23 16:11:55.358793 - Street: 1, Velocity: 47.4, Num Cars: 50
2023-08-23 16:11:57.151268 - Street: 2, Velocity: 22.5, Num Cars: 53
2023-08-23 16:11:59.155125 - Street: 2, Velocity: 21.4, Num Cars: 54
2023-08-23 16:14:46.302014 - Street: 1, Velocity: 45.1, Num Cars: 9
2023-08-23 16:14:48.306836 - Street: 1, Velocity: 45.9, Num Cars: 8
2023-08-23 16:14:50.311560 - Street: 1, Velocity: 46.4, Num Cars: 7
2023-08-23 16:14:52.314878 - Street: 1, Velocity: 46.3, Num Cars: 6
2023-08-23 16:14:53.249325 - Street: 2, Velocity: 27.4, Num Cars: 11
2023-08-23 16:14:54.319130 - Street: 1, Velocity: 44.1, Num Cars: 5
2023-08-23 16:14:55.252948 - Street: 2, Velocity: 31.2, Num Cars: 12
2023-08-23 16:14:56.322431 - Street: 1, Velocity: 46.6, Num Cars: 4
2023-08-23 16:14:57.258251 - Street: 2, Velocity: 37.4, Num Cars: 13
2023-08-23 16:14:58.327260 - Street: 1, Velocity: 49.4, Num Cars: 3
2023-08-23 16:14:59.262420 - Street: 2, Velocity: 39.7, Num Cars: 14
2023-08-23 16:15:00.331600 - Street: 1, Velocity: 47.7, Num Cars: 2
2023-08-23 16:15:01.266426 - Street: 2, Velocity: 39.6, Num Cars: 15
2023-08-23 16:15:02.335443 - Street: 1, Velocity: 44.1, Num Cars: 1
2023-08-23 16:15:07.281603 - Street: 2, Velocity: 65.0, Num Cars: 18
2023-08-23 16:15:08.346586 - Street: 1, Velocity: 33.0, Num Cars: 0
2023-08-23 16:15:09.282491 - Street: 2, Velocity: 58.5, Num Cars: 19
2023-08-23 16:15:10.351204 - Street: 1, Velocity: 39.0, Num Cars: 0
2023-08-23 16:15:11.286313 - Street: 2, Velocity: 60.333333333333336, Num Cars: 20
2023-08-23 16:15:12.355145 - Street: 1, Velocity: 38.0, Num Cars: 0
2023-08-23 16:15:13.290656 - Street: 2, Velocity: 54.5, Num Cars: 21
2023-08-23 16:15:14.359654 - Street: 1, Velocity: 39.0, Num Cars: 0
2023-08-23 16:15:15.294622 - Street: 2, Velocity: 52.8, Num Cars: 22
2023-08-23 16:15:16.362744 - Street: 1, Velocity: 37.6, Num Cars: 0
2023-08-23 16:15:17.298242 - Street: 2, Velocity: 48.0, Num Cars: 23
2023-08-23 16:15:18.367070 - Street: 1, Velocity: 40.333333333333336, Num Cars: 0
2023-08-23 16:15:19.303458 - Street: 2, Velocity: 52.0, Num Cars: 24
2023-08-23 16:15:20.371022 - Street: 1, Velocity: 45.42857142857143, Num Cars: 0
2023-08-23 16:15:21.306705 - Street: 2, Velocity: 49.0, Num Cars: 25
2023-08-23 16:15:22.377101 - Street: 1, Velocity: 43.5, Num Cars: 0
2023-08-23 16:15:23.310813 - Street: 2, Velocity: 46.111111111111114, Num Cars: 26
2023-08-23 16:15:24.382467 - Street: 1, Velocity: 42.888888888888886, Num Cars: 0
2023-08-23 16:15:25.314439 - Street: 2, Velocity: 46.4, Num Cars: 27
2023-08-23 16:15:26.386514 - Street: 1, Velocity: 42.3, Num Cars: 0
2023-08-23 16:15:27.318629 - Street: 2, Velocity: 44.0, Num Cars: 28
2023-08-23 16:15:28.391320 - Street: 1, Velocity: 45.9, Num Cars: 0
2023-08-23 16:15:29.323329 - Street: 2, Velocity: 41.1, Num Cars: 29
2023-08-23 16:15:30.397174 - Street: 1, Velocity: 47.4, Num Cars: 0
2023-08-23 16:15:31.327820 - Street: 2, Velocity: 42.3, Num Cars: 30
2023-08-23 16:15:32.401508 - Street: 1, Velocity: 47.0, Num Cars: 0
2023-08-23 16:15:33.332065 - Street: 2, Velocity: 44.5, Num Cars: 31
2023-08-23 16:15:34.406491 - Street: 1, Velocity: 47.6, Num Cars: 0
2023-08-23 16:15:35.339273 - Street: 2, Velocity: 47.1, Num Cars: 32
2023-08-23 16:15:36.414313 - Street: 1, Velocity: 51.3, Num Cars: 0
2023-08-23 16:15:37.344067 - Street: 2, Velocity: 48.7, Num Cars: 33
2023-08-23 16:15:38.421393 - Street: 1, Velocity: 50.5, Num Cars: 0
2023-08-23 16:15:39.350468 - Street: 2, Velocity: 47.9, Num Cars: 34
2023-08-23 16:15:40.426591 - Street: 1, Velocity: 48.1, Num Cars: 0
2023-08-23 16:15:41.355365 - Street: 2, Velocity: 52.4, Num Cars: 35
2023-08-23 16:15:42.430680 - Street: 1, Velocity: 48.1, Num Cars: 0
2023-08-23 16:15:43.359002 - Street: 2, Velocity: 57.1, Num Cars: 36
2023-08-23 16:15:44.434963 - Street: 1, Velocity: 46.7, Num Cars: 0
2023-08-23 16:15:45.362654 - Street: 2, Velocity: 56.5, Num Cars: 37
2023-08-23 16:15:46.439126 - Street: 1, Velocity: 45.5, Num Cars: 0
2023-08-23 16:15:47.367524 - Street: 2, Velocity: 57.4, Num Cars: 38
2023-08-23 16:15:48.443685 - Street: 1, Velocity: 46.4, Num Cars: 0
2023-08-23 16:15:49.370876 - Street: 2, Velocity: 59.9, Num Cars: 39
2023-08-23 16:15:50.446653 - Street: 1, Velocity: 48.1, Num Cars: 0
2023-08-23 16:15:51.374500 - Street: 2, Velocity: 56.5, Num Cars: 40
2023-08-23 16:15:52.451898 - Street: 1, Velocity: 50.3, Num Cars: 0
2023-08-23 16:15:53.378592 - Street: 2, Velocity: 55.2, Num Cars: 41
2023-08-23 16:15:54.455975 - Street: 1, Velocity: 51.4, Num Cars: 0
2023-08-23 16:15:55.383818 - Street: 2, Velocity: 50.8, Num Cars: 42
2023-08-23 16:15:56.459406 - Street: 1, Velocity: 48.6, Num Cars: 0
2023-08-23 16:15:57.388110 - Street: 2, Velocity: 50.8, Num Cars: 43
2023-08-23 16:15:58.464454 - Street: 1, Velocity: 49.8, Num Cars: 0
2023-08-23 16:15:59.390553 - Street: 2, Velocity: 47.1, Num Cars: 44
2023-08-23 16:16:00.469309 - Street: 1, Velocity: 48.3, Num Cars: 0
2023-08-23 16:16:01.395374 - Street: 2, Velocity: 45.0, Num Cars: 45
2023-08-23 16:16:02.472980 - Street: 1, Velocity: 49.4, Num Cars: 0
2023-08-23 16:16:04.477243 - Street: 1, Velocity: 52.7, Num Cars: 0
2023-08-23 16:18:39.370859 - Street: 1, Velocity: 46.0, Num Cars: 66
2023-08-23 16:18:39.630662 - Street: 2, Velocity: 0.0, Num Cars: 16
2023-08-23 16:18:41.370582 - Street: 1, Velocity: 33.0, Num Cars: 65
2023-08-23 16:18:41.633889 - Street: 2, Velocity: 0.0, Num Cars: 17
2023-08-23 16:18:43.375190 - Street: 1, Velocity: 36.0, Num Cars: 64
2023-08-23 16:18:43.638167 - Street: 2, Velocity: 0.0, Num Cars: 18
2023-08-23 16:18:45.378727 - Street: 1, Velocity: 34.25, Num Cars: 63
2023-08-23 16:18:45.640846 - Street: 2, Velocity: 0.0, Num Cars: 19
2023-08-23 16:18:47.382330 - Street: 1, Velocity: 40.0, Num Cars: 62
2023-08-23 16:18:47.644311 - Street: 2, Velocity: 0.0, Num Cars: 20
2023-08-23 16:18:49.386862 - Street: 1, Velocity: 44.666666666666664, Num Cars: 61
2023-08-23 16:18:49.648802 - Street: 2, Velocity: 0.0, Num Cars: 21
2023-08-23 16:18:51.390792 - Street: 1, Velocity: 43.857142857142854, Num Cars: 60
2023-08-23 16:18:51.653309 - Street: 2, Velocity: 0.0, Num Cars: 22
2023-08-23 16:18:53.395433 - Street: 1, Velocity: 41.25, Num Cars: 59
2023-08-23 16:18:53.657231 - Street: 2, Velocity: 0.0, Num Cars: 23
2023-08-23 16:18:55.400078 - Street: 1, Velocity: 42.888888888888886, Num Cars: 58
2023-08-23 16:18:55.661500 - Street: 2, Velocity: 0.0, Num Cars: 24
2023-08-23 16:18:57.404823 - Street: 1, Velocity: 41.5, Num Cars: 57
2023-08-23 16:18:57.665381 - Street: 2, Velocity: 0.0, Num Cars: 25
2023-08-23 16:18:59.410018 - Street: 1, Velocity: 44.0, Num Cars: 56
2023-08-23 16:18:59.669620 - Street: 2, Velocity: 0.0, Num Cars: 26
2023-08-23 16:19:01.414204 - Street: 1, Velocity: 46.0, Num Cars: 55
2023-08-23 16:19:01.673483 - Street: 2, Velocity: 0.0, Num Cars: 27
2023-08-23 16:19:03.419308 - Street: 1, Velocity: 47.4, Num Cars: 54
2023-08-23 16:19:03.677822 - Street: 2, Velocity: 0.0, Num Cars: 28
2023-08-23 16:19:05.424762 - Street: 1, Velocity: 47.4, Num Cars: 53
2023-08-23 16:19:05.681680 - Street: 2, Velocity: 0.0, Num Cars: 29
2023-08-23 16:19:07.427325 - Street: 1, Velocity: 47.4, Num Cars: 52
2023-08-23 16:19:07.685728 - Street: 2, Velocity: 0.0, Num Cars: 30
2023-08-23 16:19:09.431287 - Street: 1, Velocity: 48.3, Num Cars: 51
2023-08-23 16:19:09.689751 - Street: 2, Velocity: 0.0, Num Cars: 31
2023-08-23 16:19:11.436362 - Street: 1, Velocity: 47.8, Num Cars: 50
2023-08-23 16:19:11.693811 - Street: 2, Velocity: 0.0, Num Cars: 32
2023-08-23 16:19:13.439391 - Street: 1, Velocity: 52.1, Num Cars: 49
2023-08-23 16:19:13.697850 - Street: 2, Velocity: 0.0, Num Cars: 33
2023-08-23 16:19:15.442557 - Street: 1, Velocity: 52.5, Num Cars: 48
2023-08-23 16:19:15.702073 - Street: 2, Velocity: 0.0, Num Cars: 34
2023-08-23 16:19:17.449154 - Street: 1, Velocity: 51.6, Num Cars: 47
2023-08-23 16:19:17.706104 - Street: 2, Velocity: 0.0, Num Cars: 35
2023-08-23 16:19:19.454106 - Street: 1, Velocity: 51.0, Num Cars: 46
2023-08-23 16:19:19.710043 - Street: 2, Velocity: 0.0, Num Cars: 36
2023-08-23 16:19:21.457941 - Street: 1, Velocity: 52.2, Num Cars: 45
2023-08-23 16:19:21.713111 - Street: 2, Velocity: 0.0, Num Cars: 37
2023-08-23 16:19:23.462245 - Street: 1, Velocity: 52.4, Num Cars: 44
2023-08-23 16:19:23.717547 - Street: 2, Velocity: 0.0, Num Cars: 38
2023-08-23 16:19:25.466608 - Street: 1, Velocity: 51.5, Num Cars: 43
2023-08-23 16:19:25.721567 - Street: 2, Velocity: 0.0, Num Cars: 39
2023-08-23 16:19:27.471137 - Street: 1, Velocity: 48.6, Num Cars: 42
2023-08-23 16:19:27.725944 - Street: 2, Velocity: 0.0, Num Cars: 40
2023-08-23 16:19:29.476384 - Street: 1, Velocity: 47.1, Num Cars: 41
2023-08-23 16:19:29.730289 - Street: 2, Velocity: 0.0, Num Cars: 41
2023-08-23 16:19:31.479230 - Street: 1, Velocity: 47.4, Num Cars: 40
2023-08-23 16:19:31.734309 - Street: 2, Velocity: 0.0, Num Cars: 42
2023-08-23 16:19:33.483304 - Street: 1, Velocity: 45.6, Num Cars: 39
2023-08-23 16:19:33.738240 - Street: 2, Velocity: 0.0, Num Cars: 43
2023-08-23 16:19:35.487158 - Street: 1, Velocity: 41.6, Num Cars: 38
2023-08-23 16:19:35.742294 - Street: 2, Velocity: 0.0, Num Cars: 44
2023-08-23 16:19:37.492144 - Street: 1, Velocity: 43.8, Num Cars: 37
2023-08-23 16:19:37.746640 - Street: 2, Velocity: 0.0, Num Cars: 45
2023-08-23 16:19:39.495432 - Street: 1, Velocity: 41.3, Num Cars: 36
2023-08-23 16:19:39.750618 - Street: 2, Velocity: 0.0, Num Cars: 46
2023-08-23 16:19:41.500457 - Street: 1, Velocity: 40.4, Num Cars: 35
2023-08-23 16:19:41.754889 - Street: 2, Velocity: 0.0, Num Cars: 47
2023-08-23 16:19:43.504543 - Street: 1, Velocity: 38.9, Num Cars: 34
2023-08-23 16:19:43.758613 - Street: 2, Velocity: 0.0, Num Cars: 48
2023-08-23 16:19:45.509322 - Street: 1, Velocity: 44.0, Num Cars: 33
2023-08-23 16:19:45.763078 - Street: 2, Velocity: 0.0, Num Cars: 49
2023-08-23 16:19:47.513377 - Street: 1, Velocity: 43.5, Num Cars: 32
2023-08-23 16:19:47.766955 - Street: 2, Velocity: 0.0, Num Cars: 50
2023-08-23 16:19:49.517805 - Street: 1, Velocity: 40.0, Num Cars: 31
2023-08-23 16:19:49.771095 - Street: 2, Velocity: 0.0, Num Cars: 51
2023-08-23 16:19:49.772642 - Congestion Detected on Street 2
2023-08-23 16:19:49.774300 - Invalid Additional Time or Semaforo is not open. No adjustment.
2023-08-23 16:19:51.522703 - Street: 1, Velocity: 42.8, Num Cars: 30
2023-08-23 16:19:51.774125 - Street: 2, Velocity: 0.0, Num Cars: 52
2023-08-23 16:19:53.527911 - Street: 1, Velocity: 44.2, Num Cars: 29
2023-08-23 16:19:53.778684 - Street: 2, Velocity: 0.0, Num Cars: 53
2023-08-23 16:19:55.531691 - Street: 1, Velocity: 46.2, Num Cars: 28
2023-08-23 16:19:55.782636 - Street: 2, Velocity: 0.0, Num Cars: 54
2023-08-23 16:19:57.536000 - Street: 1, Velocity: 47.1, Num Cars: 27
2023-08-23 16:19:57.786231 - Street: 2, Velocity: 0.0, Num Cars: 55
2023-08-23 16:19:59.539535 - Street: 1, Velocity: 46.6, Num Cars: 26
2023-08-23 16:19:59.790618 - Street: 2, Velocity: 0.0, Num Cars: 56
2023-08-23 16:20:01.542123 - Street: 1, Velocity: 46.7, Num Cars: 25
2023-08-23 16:20:01.795288 - Street: 2, Velocity: 0.0, Num Cars: 57
2023-08-23 16:33:35.229962 - Street: 1, Velocity: 64.0, Num Cars: 65
2023-08-23 16:33:35.233703 - High Traffic Volume and Density on Street 1
2023-08-23 16:33:36.914940 - Street: 2, Velocity: 0.0, Num Cars: 14
2023-08-23 16:33:37.230809 - Street: 1, Velocity: 71.0, Num Cars: 64
2023-08-23 16:33:37.232456 - High Traffic Volume and Density on Street 1
2023-08-23 16:33:38.918677 - Street: 2, Velocity: 0.0, Num Cars: 15
2023-08-23 16:33:39.235126 - Street: 1, Velocity: 54.333333333333336, Num Cars: 63
2023-08-23 16:33:40.923013 - Street: 2, Velocity: 0.0, Num Cars: 16
2023-08-23 16:33:41.238639 - Street: 1, Velocity: 53.25, Num Cars: 62
2023-08-23 16:33:42.926754 - Street: 2, Velocity: 0.0, Num Cars: 17
2023-08-23 16:33:43.242628 - Street: 1, Velocity: 50.4, Num Cars: 61
2023-08-23 16:33:44.931300 - Street: 2, Velocity: 0.0, Num Cars: 18
2023-08-23 16:33:45.247803 - Street: 1, Velocity: 53.0, Num Cars: 60
2023-08-23 16:33:46.935361 - Street: 2, Velocity: 0.0, Num Cars: 19
2023-08-23 16:33:47.251842 - Street: 1, Velocity: 51.142857142857146, Num Cars: 59
2023-08-23 16:33:48.938638 - Street: 2, Velocity: 0.0, Num Cars: 20
2023-08-23 16:33:49.254946 - Street: 1, Velocity: 53.75, Num Cars: 58
2023-08-23 16:33:50.940935 - Street: 2, Velocity: 0.0, Num Cars: 21
2023-08-23 16:36:57.364904 - Street: 2, Velocity: 0.0, Num Cars: 100
2023-08-23 16:36:57.366309 - Congestion Detected on Street 2
2023-08-23 16:36:57.631303 - Street: 1, Velocity: 0.0, Num Cars: 0
2023-08-23 16:36:59.368436 - Street: 2, Velocity: 0.0, Num Cars: 100
2023-08-23 16:36:59.635204 - Street: 1, Velocity: 0.0, Num Cars: 0
2023-08-23 16:37:01.370987 - Street: 2, Velocity: 0.0, Num Cars: 100
2023-08-23 16:37:01.639371 - Street: 1, Velocity: 0.0, Num Cars: 0
2023-08-23 16:37:03.374836 - Street: 2, Velocity: 0.0, Num Cars: 100
2023-08-23 16:37:03.643457 - Street: 1, Velocity: 0.0, Num Cars: 0
2023-08-23 16:37:05.380797 - Street: 2, Velocity: 0.0, Num Cars: 100
2023-08-23 16:37:05.646038 - Street: 1, Velocity: 0.0, Num Cars: 0
2023-08-23 16:37:07.388254 - Street: 2, Velocity: 0.0, Num Cars: 100
2023-08-23 16:37:07.649746 - Street: 1, Velocity: 0.0, Num Cars: 0
2023-08-23 16:37:09.391799 - Street: 2, Velocity: 0.0, Num Cars: 100
2023-08-23 16:37:09.654785 - Street: 1, Velocity: 0.0, Num Cars: 0
2023-08-23 16:37:11.395530 - Street: 2, Velocity: 0.0, Num Cars: 100
2023-08-23 16:37:11.658257 - Street: 1, Velocity: 0.0, Num Cars: 0
2023-08-23 16:37:13.400501 - Street: 2, Velocity: 0.0, Num Cars: 100
2023-08-23 16:37:13.662415 - Street: 1, Velocity: 0.0, Num Cars: 0
2023-08-23 16:37:15.404984 - Street: 2, Velocity: 0.0, Num Cars: 100
2023-08-23 16:37:15.666799 - Street: 1, Velocity: 0.0, Num Cars: 0
2023-08-23 16:37:17.410528 - Street: 2, Velocity: 0.0, Num Cars: 100
2023-08-23 16:37:17.670688 - Street: 1, Velocity: 0.0, Num Cars: 0
2023-08-23 16:37:19.414829 - Street: 2, Velocity: 0.0, Num Cars: 100
2023-08-23 16:37:19.673977 - Street: 1, Velocity: 0.0, Num Cars: 0
2023-08-23 16:37:21.419793 - Street: 2, Velocity: 0.0, Num Cars: 100
2023-08-23 16:37:21.678151 - Street: 1, Velocity: 0.0, Num Cars: 0
2023-08-23 16:37:23.424770 - Street: 2, Velocity: 0.0, Num Cars: 100
2023-08-23 16:37:23.682468 - Street: 1, Velocity: 0.0, Num Cars: 0
2023-08-23 16:37:25.429557 - Street: 2, Velocity: 0.0, Num Cars: 100
2023-08-23 16:37:25.686470 - Street: 1, Velocity: 0.0, Num Cars: 0
2023-08-23 16:37:27.434560 - Street: 2, Velocity: 0.0, Num Cars: 100
2023-08-23 16:37:27.690531 - Street: 1, Velocity: 0.0, Num Cars: 0
2023-08-23 16:37:29.439462 - Street: 2, Velocity: 0.0, Num Cars: 100
2023-08-23 16:37:29.694687 - Street: 1, Velocity: 0.0, Num Cars: 0
2023-08-23 16:37:31.442594 - Street: 2, Velocity: 0.0, Num Cars: 100
2023-08-23 16:37:31.698349 - Street: 1, Velocity: 0.0, Num Cars: 0
2023-08-23 16:37:33.446580 - Street: 2, Velocity: 0.0, Num Cars: 100
2023-08-23 16:37:33.702167 - Street: 1, Velocity: 0.0, Num Cars: 0
2023-08-23 16:37:35.450703 - Street: 2, Velocity: 0.0, Num Cars: 100
2023-08-23 16:37:35.707093 - Street: 1, Velocity: 0.0, Num Cars: 0
2023-08-23 16:37:37.457367 - Street: 2, Velocity: 0.0, Num Cars: 100
2023-08-23 16:37:37.712142 - Street: 1, Velocity: 0.0, Num Cars: 0
2023-08-23 16:38:05.659724 - Street: 1, Velocity: 64.0, Num Cars: 67
2023-08-23 16:38:05.660950 - High Traffic Volume and Density on Street 1
2023-08-23 16:38:06.798909 - Street: 2, Velocity: 0.0, Num Cars: 15
2023-08-23 16:38:07.662348 - Street: 1, Velocity: 60.0, Num Cars: 66
2023-08-23 16:38:08.802921 - Street: 2, Velocity: 0.0, Num Cars: 16
2023-08-23 16:38:10.808898 - Street: 2, Velocity: 0.0, Num Cars: 17
2023-08-23 16:38:11.671631 - Street: 1, Velocity: 22.0, Num Cars: 64
2023-08-23 16:38:12.810981 - Street: 2, Velocity: 0.0, Num Cars: 18
2023-08-23 16:38:13.675378 - Street: 1, Velocity: 30.0, Num Cars: 63
2023-08-23 16:38:14.814538 - Street: 2, Velocity: 0.0, Num Cars: 19
2023-08-23 16:38:15.679274 - Street: 1, Velocity: 27.333333333333332, Num Cars: 62
2023-08-23 16:38:16.819089 - Street: 2, Velocity: 0.0, Num Cars: 20
2023-08-23 16:38:17.682784 - Street: 1, Velocity: 38.5, Num Cars: 61
2023-08-23 16:38:18.822785 - Street: 2, Velocity: 0.0, Num Cars: 21
2023-08-23 16:38:19.686751 - Street: 1, Velocity: 36.2, Num Cars: 60
2023-08-23 16:38:20.827073 - Street: 2, Velocity: 0.0, Num Cars: 22
2023-08-23 16:38:21.690532 - Street: 1, Velocity: 36.5, Num Cars: 59
2023-08-23 16:38:22.831952 - Street: 2, Velocity: 0.0, Num Cars: 23
2023-08-23 16:38:23.695185 - Street: 1, Velocity: 39.142857142857146, Num Cars: 58
2023-08-23 16:38:24.836585 - Street: 2, Velocity: 0.0, Num Cars: 24
2023-08-23 16:38:25.698589 - Street: 1, Velocity: 38.625, Num Cars: 57
2023-08-23 16:38:26.840820 - Street: 2, Velocity: 0.0, Num Cars: 25
2023-08-23 16:38:27.702655 - Street: 1, Velocity: 41.333333333333336, Num Cars: 56
2023-08-23 16:38:28.845779 - Street: 2, Velocity: 0.0, Num Cars: 26
2023-08-23 16:38:29.706571 - Street: 1, Velocity: 43.6, Num Cars: 55
2023-08-23 16:38:30.849551 - Street: 2, Velocity: 0.0, Num Cars: 27
2023-08-23 16:38:31.710984 - Street: 1, Velocity: 46.4, Num Cars: 54
2023-08-23 16:38:32.853995 - Street: 2, Velocity: 0.0, Num Cars: 28
2023-08-23 16:38:33.717425 - Street: 1, Velocity: 47.7, Num Cars: 53
2023-08-23 16:38:34.857923 - Street: 2, Velocity: 0.0, Num Cars: 29
2023-08-23 16:38:35.724865 - Street: 1, Velocity: 50.9, Num Cars: 52
2023-08-23 16:38:36.862127 - Street: 2, Velocity: 0.0, Num Cars: 30
2023-08-23 16:38:37.729204 - Street: 1, Velocity: 47.2, Num Cars: 51
2023-08-23 16:38:38.866150 - Street: 2, Velocity: 0.0, Num Cars: 31
2023-08-23 16:38:39.733476 - Street: 1, Velocity: 50.2, Num Cars: 50
2023-08-23 16:38:40.872774 - Street: 2, Velocity: 0.0, Num Cars: 32
2023-08-23 16:38:41.737755 - Street: 1, Velocity: 52.5, Num Cars: 49
2023-08-23 16:38:42.877271 - Street: 2, Velocity: 0.0, Num Cars: 33
2023-08-23 16:38:43.742357 - Street: 1, Velocity: 50.5, Num Cars: 48
2023-08-23 16:38:44.883884 - Street: 2, Velocity: 0.0, Num Cars: 34
2023-08-23 16:38:45.746426 - Street: 1, Velocity: 53.0, Num Cars: 47
2023-08-23 16:38:46.888167 - Street: 2, Velocity: 0.0, Num Cars: 35
2023-08-23 16:38:47.750519 - Street: 1, Velocity: 49.9, Num Cars: 46
2023-08-23 16:38:48.892076 - Street: 2, Velocity: 0.0, Num Cars: 36
2023-08-23 16:38:49.754544 - Street: 1, Velocity: 45.8, Num Cars: 45
2023-08-23 16:38:50.895581 - Street: 2, Velocity: 0.0, Num Cars: 37
2023-08-23 16:38:51.760124 - Street: 1, Velocity: 45.3, Num Cars: 44
2023-08-23 16:38:52.899578 - Street: 2, Velocity: 0.0, Num Cars: 38
2023-08-23 16:38:53.762620 - Street: 1, Velocity: 45.9, Num Cars: 43
2023-08-23 16:38:54.903591 - Street: 2, Velocity: 0.0, Num Cars: 39
2023-08-23 16:38:55.767697 - Street: 1, Velocity: 43.7, Num Cars: 42
2023-08-23 16:38:56.907777 - Street: 2, Velocity: 0.0, Num Cars: 40
2023-08-23 16:38:57.772349 - Street: 1, Velocity: 42.9, Num Cars: 41
2023-08-23 16:38:58.912192 - Street: 2, Velocity: 0.0, Num Cars: 41
2023-08-23 16:38:59.776728 - Street: 1, Velocity: 42.6, Num Cars: 40
2023-08-23 16:39:00.915404 - Street: 2, Velocity: 0.0, Num Cars: 42
2023-08-23 16:39:01.781158 - Street: 1, Velocity: 40.6, Num Cars: 39
2023-08-23 16:39:02.919877 - Street: 2, Velocity: 0.0, Num Cars: 43
2023-08-23 16:39:03.785385 - Street: 1, Velocity: 42.5, Num Cars: 38
2023-08-23 16:39:04.923964 - Street: 2, Velocity: 0.0, Num Cars: 44
2023-08-23 16:39:05.789580 - Street: 1, Velocity: 40.9, Num Cars: 37
2023-08-23 16:39:06.928820 - Street: 2, Velocity: 0.0, Num Cars: 45
2023-08-23 16:39:07.793866 - Street: 1, Velocity: 44.3, Num Cars: 36
2023-08-23 16:39:08.933304 - Street: 2, Velocity: 0.0, Num Cars: 46
2023-08-23 16:39:09.798264 - Street: 1, Velocity: 48.5, Num Cars: 35
2023-08-23 16:39:10.937163 - Street: 2, Velocity: 0.0, Num Cars: 47
2023-08-23 16:39:11.802267 - Street: 1, Velocity: 50.3, Num Cars: 34
2023-08-23 16:39:12.941954 - Street: 2, Velocity: 0.0, Num Cars: 48
2023-08-23 16:39:13.809281 - Street: 1, Velocity: 49.6, Num Cars: 33
2023-08-23 16:39:14.949329 - Street: 2, Velocity: 0.0, Num Cars: 49
2023-08-23 16:39:15.813709 - Street: 1, Velocity: 50.9, Num Cars: 32
2023-08-23 16:39:16.953272 - Street: 2, Velocity: 0.0, Num Cars: 50
2023-08-23 16:39:17.817880 - Street: 1, Velocity: 51.4, Num Cars: 31
2023-08-23 16:39:18.957946 - Street: 2, Velocity: 0.0, Num Cars: 51
2023-08-23 16:39:18.959682 - Congestion Detected on Street 2
2023-08-23 16:39:19.825220 - Street: 1, Velocity: 52.8, Num Cars: 30
2023-08-23 16:39:20.962048 - Street: 2, Velocity: 0.0, Num Cars: 52
2023-08-23 16:39:21.828975 - Street: 1, Velocity: 51.6, Num Cars: 29
2023-08-23 16:39:22.966521 - Street: 2, Velocity: 0.0, Num Cars: 53
2023-08-23 16:39:23.833675 - Street: 1, Velocity: 51.7, Num Cars: 28
2023-08-23 16:39:24.970332 - Street: 2, Velocity: 0.0, Num Cars: 54
2023-08-23 16:39:25.840735 - Street: 1, Velocity: 54.6, Num Cars: 27
2023-08-23 16:39:26.974348 - Street: 2, Velocity: 0.0, Num Cars: 55
2023-08-23 16:39:27.844917 - Street: 1, Velocity: 52.5, Num Cars: 26
2023-08-23 16:39:28.981489 - Street: 2, Velocity: 0.0, Num Cars: 56
2023-08-23 16:39:29.848879 - Street: 1, Velocity: 53.2, Num Cars: 25
2023-08-23 16:39:30.986644 - Street: 2, Velocity: 0.0, Num Cars: 57
2023-08-23 16:39:31.853028 - Street: 1, Velocity: 53.8, Num Cars: 24
2023-08-23 16:39:32.990836 - Street: 2, Velocity: 0.0, Num Cars: 58
2023-08-23 16:39:33.857440 - Street: 1, Velocity: 56.4, Num Cars: 23
2023-08-23 16:39:34.994809 - Street: 2, Velocity: 0.0, Num Cars: 59
2023-08-23 16:39:35.861693 - Street: 1, Velocity: 55.4, Num Cars: 22
2023-08-23 16:39:36.999461 - Street: 2, Velocity: 0.0, Num Cars: 60
2023-08-23 16:39:37.866099 - Street: 1, Velocity: 57.4, Num Cars: 21
2023-08-23 16:39:39.003922 - Street: 2, Velocity: 0.0, Num Cars: 61
2023-08-23 16:39:39.870531 - Street: 1, Velocity: 53.6, Num Cars: 20
2023-08-23 16:39:41.008006 - Street: 2, Velocity: 0.0, Num Cars: 62
2023-08-23 16:39:41.875404 - Street: 1, Velocity: 54.8, Num Cars: 19
2023-08-23 16:39:43.010742 - Street: 2, Velocity: 0.0, Num Cars: 63
2023-08-23 16:39:43.879464 - Street: 1, Velocity: 53.7, Num Cars: 18
2023-08-23 16:39:45.015140 - Street: 2, Velocity: 0.0, Num Cars: 64
2023-08-23 16:39:45.882690 - Street: 1, Velocity: 53.9, Num Cars: 17
2023-08-23 16:39:47.019035 - Street: 2, Velocity: 0.0, Num Cars: 65
2023-08-23 16:39:47.886585 - Street: 1, Velocity: 57.2, Num Cars: 16
2023-08-23 16:39:49.024061 - Street: 2, Velocity: 0.0, Num Cars: 66
2023-08-23 16:39:49.890149 - Street: 1, Velocity: 57.8, Num Cars: 15
2023-08-23 16:39:51.026388 - Street: 2, Velocity: 0.0, Num Cars: 67
2023-08-23 16:39:51.893343 - Street: 1, Velocity: 52.9, Num Cars: 14
2023-08-23 16:39:53.033477 - Street: 2, Velocity: 0.0, Num Cars: 68
2023-08-23 16:39:53.897537 - Street: 1, Velocity: 51.9, Num Cars: 13
2023-08-23 16:39:55.037599 - Street: 2, Velocity: 0.0, Num Cars: 69
2023-08-23 16:39:55.904431 - Street: 1, Velocity: 52.2, Num Cars: 12
2023-08-23 16:39:57.041961 - Street: 2, Velocity: 0.0, Num Cars: 70
2023-08-23 16:39:57.911810 - Street: 1, Velocity: 52.4, Num Cars: 11
2023-08-23 16:39:59.046186 - Street: 2, Velocity: 0.0, Num Cars: 71
2023-08-23 16:39:59.915706 - Street: 1, Velocity: 55.6, Num Cars: 10
2023-08-23 16:40:01.052857 - Street: 2, Velocity: 0.0, Num Cars: 72
2023-08-23 16:40:01.920091 - Street: 1, Velocity: 57.7, Num Cars: 9
2023-08-23 16:40:03.057076 - Street: 2, Velocity: 0.0, Num Cars: 73
2023-08-23 16:40:03.927061 - Street: 1, Velocity: 58.5, Num Cars: 8
2023-08-23 16:40:05.061473 - Street: 2, Velocity: 0.0, Num Cars: 74
2023-08-23 16:40:05.932276 - Street: 1, Velocity: 54.9, Num Cars: 7
2023-08-23 16:40:07.066397 - Street: 2, Velocity: 0.0, Num Cars: 75
2023-08-23 16:40:07.939019 - Street: 1, Velocity: 51.2, Num Cars: 6
2023-08-23 16:40:09.069806 - Street: 2, Velocity: 0.0, Num Cars: 76
2023-08-23 16:40:09.943236 - Street: 1, Velocity: 48.5, Num Cars: 5
2023-08-23 16:40:11.076885 - Street: 2, Velocity: 0.0, Num Cars: 77
2023-08-23 16:40:11.947353 - Street: 1, Velocity: 50.1, Num Cars: 4
2023-08-23 16:40:13.082031 - Street: 2, Velocity: 0.0, Num Cars: 78
2023-08-23 16:40:13.950748 - Street: 1, Velocity: 51.3, Num Cars: 3
2023-08-23 16:40:15.086299 - Street: 2, Velocity: 0.0, Num Cars: 79
2023-08-23 16:40:15.955713 - Street: 1, Velocity: 53.0, Num Cars: 2
2023-08-23 16:40:17.091215 - Street: 2, Velocity: 0.0, Num Cars: 80
2023-08-23 16:40:17.960071 - Street: 1, Velocity: 49.8, Num Cars: 1
2023-08-23 16:40:19.095182 - Street: 2, Velocity: 0.0, Num Cars: 81
2023-08-23 16:40:19.964918 - Street: 1, Velocity: 47.8, Num Cars: 0
2023-08-23 16:40:21.098767 - Street: 2, Velocity: 0.0, Num Cars: 82
2023-08-23 16:40:21.969585 - Street: 1, Velocity: 41.6, Num Cars: 0
2023-08-23 16:40:23.103392 - Street: 2, Velocity: 0.0, Num Cars: 83
2023-08-23 16:40:23.973836 - Street: 1, Velocity: 36.4, Num Cars: 0
2023-08-23 16:40:25.108847 - Street: 2, Velocity: 0.0, Num Cars: 84
2023-08-23 16:40:25.978159 - Street: 1, Velocity: 32.5, Num Cars: 0
2023-08-23 16:40:27.112796 - Street: 2, Velocity: 0.0, Num Cars: 85
2023-08-23 16:40:27.980680 - Street: 1, Velocity: 28.4, Num Cars: 0
2023-08-23 16:40:29.117411 - Street: 2, Velocity: 0.0, Num Cars: 86
2023-08-23 16:40:29.984865 - Street: 1, Velocity: 23.3, Num Cars: 0
2023-08-23 16:40:31.121803 - Street: 2, Velocity: 0.0, Num Cars: 87
2023-08-23 16:40:31.989343 - Street: 1, Velocity: 19.7, Num Cars: 0
2023-08-23 16:40:33.126119 - Street: 2, Velocity: 0.0, Num Cars: 88
2023-08-23 16:40:33.993696 - Street: 1, Velocity: 11.9, Num Cars: 0
2023-08-23 16:40:35.131145 - Street: 2, Velocity: 0.0, Num Cars: 89
2023-08-23 16:40:35.996112 - Street: 1, Velocity: 6.4, Num Cars: 0
2023-08-23 16:40:37.138100 - Street: 2, Velocity: 0.0, Num Cars: 90
2023-08-23 16:40:37.999213 - Street: 1, Velocity: 4.2, Num Cars: 0
2023-08-23 16:40:39.142765 - Street: 2, Velocity: 0.0, Num Cars: 91
2023-08-23 16:40:40.003287 - Street: 1, Velocity: 0.0, Num Cars: 0
2023-08-23 16:40:41.146919 - Street: 2, Velocity: 0.0, Num Cars: 92
2023-08-23 16:40:42.007741 - Street: 1, Velocity: 0.0, Num Cars: 0
2023-08-23 16:40:43.151223 - Street: 2, Velocity: 0.0, Num Cars: 93
2023-08-23 16:40:44.014510 - Street: 1, Velocity: 0.0, Num Cars: 0
2023-08-23 16:40:45.155250 - Street: 2, Velocity: 0.0, Num Cars: 94
2023-08-23 16:40:46.019469 - Street: 1, Velocity: 0.0, Num Cars: 0
2023-08-23 16:40:47.162249 - Street: 2, Velocity: 0.0, Num Cars: 95
2023-08-23 16:40:48.026286 - Street: 1, Velocity: 0.0, Num Cars: 0
2023-08-23 16:40:49.166272 - Street: 2, Velocity: 0.0, Num Cars: 96
2023-08-23 16:40:50.030548 - Street: 1, Velocity: 0.0, Num Cars: 0
2023-08-23 16:40:51.173404 - Street: 2, Velocity: 0.0, Num Cars: 97
2023-08-23 16:40:52.034593 - Street: 1, Velocity: 0.0, Num Cars: 0
2023-08-23 16:40:53.177620 - Street: 2, Velocity: 0.0, Num Cars: 98
2023-08-23 16:40:54.039354 - Street: 1, Velocity: 0.0, Num Cars: 0
2023-08-23 16:40:55.182686 - Street: 2, Velocity: 0.0, Num Cars: 99
2023-08-23 16:40:56.042532 - Street: 1, Velocity: 0.0, Num Cars: 0
2023-08-23 16:40:57.186605 - Street: 2, Velocity: 0.0, Num Cars: 100
2023-08-23 16:40:58.046825 - Street: 1, Velocity: 0.0, Num Cars: 0
2023-08-23 16:40:59.190654 - Street: 2, Velocity: 0.0, Num Cars: 100
2023-08-23 16:41:00.050795 - Street: 1, Velocity: 0.0, Num Cars: 0
2023-08-23 16:41:01.194893 - Street: 2, Velocity: 0.0, Num Cars: 100
2023-08-23 16:41:02.056262 - Street: 1, Velocity: 0.0, Num Cars: 0
2023-08-23 16:41:03.198731 - Street: 2, Velocity: 0.0, Num Cars: 100
2023-08-23 16:41:04.059079 - Street: 1, Velocity: 0.0, Num Cars: 0
2023-08-23 16:41:05.202900 - Street: 2, Velocity: 0.0, Num Cars: 100
2023-08-23 16:41:06.062453 - Street: 1, Velocity: 0.0, Num Cars: 0
2023-08-23 16:41:07.206789 - Street: 2, Velocity: 0.0, Num Cars: 100
2023-08-23 16:41:08.066790 - Street: 1, Velocity: 0.0, Num Cars: 0
2023-08-23 16:41:09.210270 - Street: 2, Velocity: 0.0, Num Cars: 100
2023-08-23 16:41:10.070579 - Street: 1, Velocity: 0.0, Num Cars: 0
2023-08-23 16:41:11.215357 - Street: 2, Velocity: 0.0, Num Cars: 100
2023-08-23 16:41:12.073825 - Street: 1, Velocity: 0.0, Num Cars: 0
2023-08-23 16:41:13.219890 - Street: 2, Velocity: 0.0, Num Cars: 100
2023-08-23 16:41:14.078255 - Street: 1, Velocity: 0.0, Num Cars: 0
2023-08-23 16:41:15.222922 - Street: 2, Velocity: 0.0, Num Cars: 100
2023-08-23 16:41:16.082491 - Street: 1, Velocity: 0.0, Num Cars: 0
2023-08-23 16:41:17.227170 - Street: 2, Velocity: 0.0, Num Cars: 100
2023-08-23 16:41:18.086396 - Street: 1, Velocity: 0.0, Num Cars: 0
2023-08-23 16:41:19.230888 - Street: 2, Velocity: 0.0, Num Cars: 100
2023-08-23 16:41:20.090303 - Street: 1, Velocity: 0.0, Num Cars: 0
2023-08-23 16:41:21.235361 - Street: 2, Velocity: 0.0, Num Cars: 100
2023-08-23 16:41:22.096550 - Street: 1, Velocity: 0.0, Num Cars: 0
2023-08-23 16:41:23.238940 - Street: 2, Velocity: 0.0, Num Cars: 100
2023-08-23 16:41:24.100676 - Street: 1, Velocity: 0.0, Num Cars: 0
2023-08-23 16:41:25.242475 - Street: 2, Velocity: 0.0, Num Cars: 100
2023-08-23 16:41:26.104601 - Street: 1, Velocity: 0.0, Num Cars: 0
2023-08-23 16:41:27.246735 - Street: 2, Velocity: 0.0, Num Cars: 100
2023-08-23 16:41:28.110995 - Street: 1, Velocity: 0.0, Num Cars: 0
2023-08-23 16:41:29.250828 - Street: 2, Velocity: 0.0, Num Cars: 100
2023-08-23 16:41:30.115048 - Street: 1, Velocity: 0.0, Num Cars: 0
2023-08-23 16:41:31.254585 - Street: 2, Velocity: 0.0, Num Cars: 100
2023-08-23 16:41:32.118664 - Street: 1, Velocity: 0.0, Num Cars: 0
2023-08-23 16:41:33.259009 - Street: 2, Velocity: 0.0, Num Cars: 100
2023-08-23 16:41:34.121421 - Street: 1, Velocity: 0.0, Num Cars: 0
2023-08-23 16:41:35.263206 - Street: 2, Velocity: 0.0, Num Cars: 100
2023-08-23 16:41:36.125469 - Street: 1, Velocity: 0.0, Num Cars: 0
2023-08-23 16:41:37.267793 - Street: 2, Velocity: 0.0, Num Cars: 100
2023-08-23 16:41:38.129801 - Street: 1, Velocity: 0.0, Num Cars: 0
2023-08-23 16:41:39.270405 - Street: 2, Velocity: 0.0, Num Cars: 100
2023-08-23 16:41:40.134182 - Street: 1, Velocity: 0.0, Num Cars: 0
2023-08-23 16:41:41.274422 - Street: 2, Velocity: 0.0, Num Cars: 100
2023-08-23 16:41:42.138607 - Street: 1, Velocity: 0.0, Num Cars: 0
2023-08-23 16:41:43.279310 - Street: 2, Velocity: 0.0, Num Cars: 100
2023-08-23 16:41:44.143249 - Street: 1, Velocity: 0.0, Num Cars: 0
2023-08-23 16:41:45.282097 - Street: 2, Velocity: 0.0, Num Cars: 100
2023-08-23 16:41:46.146697 - Street: 1, Velocity: 0.0, Num Cars: 0
2023-08-23 16:41:47.286153 - Street: 2, Velocity: 0.0, Num Cars: 100
2023-08-23 16:41:48.151074 - Street: 1, Velocity: 0.0, Num Cars: 0
2023-08-23 16:41:49.290885 - Street: 2, Velocity: 0.0, Num Cars: 100
2023-08-23 16:41:50.154618 - Street: 1, Velocity: 0.0, Num Cars: 0
2023-08-23 16:41:51.294668 - Street: 2, Velocity: 0.0, Num Cars: 100
2023-08-23 16:41:52.158338 - Street: 1, Velocity: 0.0, Num Cars: 0
2023-08-23 16:41:53.299395 - Street: 2, Velocity: 0.0, Num Cars: 100
2023-08-23 16:41:54.162475 - Street: 1, Velocity: 0.0, Num Cars: 0
2023-08-23 16:41:55.303754 - Street: 2, Velocity: 0.0, Num Cars: 100
2023-08-23 16:41:56.166909 - Street: 1, Velocity: 0.0, Num Cars: 0
2023-08-23 16:41:57.306056 - Street: 2, Velocity: 0.0, Num Cars: 100
2023-08-23 16:41:58.170996 - Street: 1, Velocity: 0.0, Num Cars: 0
2023-08-23 16:41:59.310617 - Street: 2, Velocity: 0.0, Num Cars: 100
2023-08-23 16:42:00.174112 - Street: 1, Velocity: 0.0, Num Cars: 0
2023-08-23 16:42:01.317377 - Street: 2, Velocity: 0.0, Num Cars: 100
2023-08-23 16:42:02.178160 - Street: 1, Velocity: 0.0, Num Cars: 0
2023-08-23 16:42:03.321308 - Street: 2, Velocity: 0.0, Num Cars: 100
2023-08-23 16:42:04.182812 - Street: 1, Velocity: 0.0, Num Cars: 0
2023-08-23 16:42:05.328545 - Street: 2, Velocity: 0.0, Num Cars: 100
2023-08-23 16:42:06.189558 - Street: 1, Velocity: 0.0, Num Cars: 0
2023-08-23 16:42:07.330825 - Street: 2, Velocity: 0.0, Num Cars: 100
2023-08-23 16:42:08.193598 - Street: 1, Velocity: 0.0, Num Cars: 0
2023-08-23 16:42:09.336511 - Street: 2, Velocity: 0.0, Num Cars: 100
2023-08-23 16:42:10.201030 - Street: 1, Velocity: 0.0, Num Cars: 0
2023-08-23 16:42:11.339819 - Street: 2, Velocity: 0.0, Num Cars: 100
2023-08-23 16:42:12.205108 - Street: 1, Velocity: 0.0, Num Cars: 0
2023-08-23 16:42:13.342583 - Street: 2, Velocity: 0.0, Num Cars: 100
2023-08-23 16:42:14.209321 - Street: 1, Velocity: 0.0, Num Cars: 0
2023-08-23 16:42:15.347248 - Street: 2, Velocity: 0.0, Num Cars: 100
2023-08-23 16:42:16.216881 - Street: 1, Velocity: 0.0, Num Cars: 0
2023-08-23 16:42:17.350991 - Street: 2, Velocity: 0.0, Num Cars: 100
2023-08-23 16:42:18.219858 - Street: 1, Velocity: 0.0, Num Cars: 0
2023-08-23 16:42:19.353587 - Street: 2, Velocity: 0.0, Num Cars: 100
2023-08-23 16:42:20.222429 - Street: 1, Velocity: 0.0, Num Cars: 0
2023-08-23 16:42:21.358177 - Street: 2, Velocity: 0.0, Num Cars: 100
2023-08-23 16:42:22.226917 - Street: 1, Velocity: 0.0, Num Cars: 0
2023-08-23 16:42:23.362712 - Street: 2, Velocity: 0.0, Num Cars: 100
2023-08-23 16:42:24.231936 - Street: 1, Velocity: 0.0, Num Cars: 0
2023-08-23 16:42:25.368168 - Street: 2, Velocity: 0.0, Num Cars: 100
2023-08-23 16:42:26.234201 - Street: 1, Velocity: 0.0, Num Cars: 0
2023-08-23 16:42:27.369262 - Street: 2, Velocity: 0.0, Num Cars: 100
2023-08-23 16:42:28.238249 - Street: 1, Velocity: 0.0, Num Cars: 0
2023-08-23 16:42:29.374736 - Street: 2, Velocity: 0.0, Num Cars: 100
2023-08-23 16:42:30.241351 - Street: 1, Velocity: 0.0, Num Cars: 0
2023-08-23 16:42:31.378681 - Street: 2, Velocity: 0.0, Num Cars: 100
2023-08-23 16:42:32.244881 - Street: 1, Velocity: 0.0, Num Cars: 0
2023-08-23 16:42:33.383123 - Street: 2, Velocity: 0.0, Num Cars: 100
2023-08-23 16:42:34.247172 - Street: 1, Velocity: 0.0, Num Cars: 0
2023-08-23 16:42:35.386490 - Street: 2, Velocity: 0.0, Num Cars: 100
2023-08-23 16:42:36.250362 - Street: 1, Velocity: 0.0, Num Cars: 0
2023-08-23 16:42:37.391945 - Street: 2, Velocity: 0.0, Num Cars: 100
2023-08-23 16:42:38.254469 - Street: 1, Velocity: 0.0, Num Cars: 0
2023-08-23 16:42:39.394053 - Street: 2, Velocity: 0.0, Num Cars: 100
2023-08-23 16:42:40.258636 - Street: 1, Velocity: 0.0, Num Cars: 0
2023-08-23 16:42:41.399268 - Street: 2, Velocity: 0.0, Num Cars: 100
2023-08-23 16:42:42.262413 - Street: 1, Velocity: 0.0, Num Cars: 0
2023-08-23 16:42:43.401906 - Street: 2, Velocity: 0.0, Num Cars: 100
2023-08-23 16:42:44.267723 - Street: 1, Velocity: 0.0, Num Cars: 0
2023-08-23 16:42:45.409621 - Street: 2, Velocity: 0.0, Num Cars: 100
2023-08-23 16:42:46.271315 - Street: 1, Velocity: 0.0, Num Cars: 0
2023-08-23 16:42:47.417253 - Street: 2, Velocity: 0.0, Num Cars: 100
2023-08-23 16:42:48.274601 - Street: 1, Velocity: 0.0, Num Cars: 0
2023-08-23 16:42:49.421640 - Street: 2, Velocity: 0.0, Num Cars: 100
2023-08-23 16:42:50.281460 - Street: 1, Velocity: 0.0, Num Cars: 0
2023-08-23 16:42:51.425889 - Street: 2, Velocity: 0.0, Num Cars: 100
2023-08-23 16:42:52.285734 - Street: 1, Velocity: 0.0, Num Cars: 0
2023-08-23 16:42:53.430229 - Street: 2, Velocity: 0.0, Num Cars: 100
2023-08-23 16:42:54.290329 - Street: 1, Velocity: 0.0, Num Cars: 0
2023-08-23 16:42:55.437792 - Street: 2, Velocity: 0.0, Num Cars: 100
2023-08-23 16:42:56.294744 - Street: 1, Velocity: 0.0, Num Cars: 0
2023-08-23 16:42:57.441354 - Street: 2, Velocity: 0.0, Num Cars: 100
2023-08-23 16:42:58.298677 - Street: 1, Velocity: 0.0, Num Cars: 0
2023-08-23 16:42:59.446355 - Street: 2, Velocity: 0.0, Num Cars: 100
2023-08-23 16:43:00.302584 - Street: 1, Velocity: 0.0, Num Cars: 0
2023-08-23 16:43:01.453294 - Street: 2, Velocity: 0.0, Num Cars: 100
2023-08-23 16:43:02.306091 - Street: 1, Velocity: 0.0, Num Cars: 0
2023-08-23 16:43:03.457556 - Street: 2, Velocity: 0.0, Num Cars: 100
2023-08-23 16:43:04.310066 - Street: 1, Velocity: 0.0, Num Cars: 0
2023-08-23 16:43:05.459888 - Street: 2, Velocity: 0.0, Num Cars: 100
2023-08-23 16:43:06.314525 - Street: 1, Velocity: 0.0, Num Cars: 0
2023-08-23 16:43:07.462367 - Street: 2, Velocity: 0.0, Num Cars: 100
2023-08-23 16:43:08.319446 - Street: 1, Velocity: 0.0, Num Cars: 0
2023-08-23 16:43:09.467437 - Street: 2, Velocity: 0.0, Num Cars: 100
2023-08-23 16:43:10.323064 - Street: 1, Velocity: 0.0, Num Cars: 0
2023-08-23 16:43:11.470116 - Street: 2, Velocity: 0.0, Num Cars: 100
2023-08-23 16:43:12.326985 - Street: 1, Velocity: 0.0, Num Cars: 0
2023-08-23 16:43:13.473755 - Street: 2, Velocity: 0.0, Num Cars: 100
2023-08-23 16:43:14.331153 - Street: 1, Velocity: 0.0, Num Cars: 0
2023-08-23 16:43:15.478753 - Street: 2, Velocity: 0.0, Num Cars: 100
2023-08-23 16:43:16.335233 - Street: 1, Velocity: 0.0, Num Cars: 0
2023-08-23 16:43:17.483121 - Street: 2, Velocity: 0.0, Num Cars: 100
2023-08-23 16:43:18.338579 - Street: 1, Velocity: 0.0, Num Cars: 0
2023-08-23 16:43:19.487011 - Street: 2, Velocity: 0.0, Num Cars: 100
2023-08-23 16:43:20.342854 - Street: 1, Velocity: 0.0, Num Cars: 0
2023-08-23 16:43:21.492174 - Street: 2, Velocity: 0.0, Num Cars: 100
2023-08-23 16:43:22.346810 - Street: 1, Velocity: 0.0, Num Cars: 0
2023-08-23 16:43:23.496479 - Street: 2, Velocity: 0.0, Num Cars: 100
2023-08-23 16:43:24.352027 - Street: 1, Velocity: 0.0, Num Cars: 0
2023-08-23 16:43:25.501038 - Street: 2, Velocity: 0.0, Num Cars: 100
2023-08-23 16:43:26.355360 - Street: 1, Velocity: 0.0, Num Cars: 0
2023-08-23 16:43:27.504824 - Street: 2, Velocity: 0.0, Num Cars: 100
2023-08-23 16:43:28.358596 - Street: 1, Velocity: 0.0, Num Cars: 0
2023-08-23 16:43:29.509300 - Street: 2, Velocity: 0.0, Num Cars: 100
2023-08-23 16:43:30.362015 - Street: 1, Velocity: 0.0, Num Cars: 0
2023-08-23 16:43:31.513311 - Street: 2, Velocity: 0.0, Num Cars: 100
2023-08-23 16:43:32.366627 - Street: 1, Velocity: 0.0, Num Cars: 0
2023-08-23 16:43:33.517646 - Street: 2, Velocity: 0.0, Num Cars: 100
2023-08-23 16:43:34.370506 - Street: 1, Velocity: 0.0, Num Cars: 0
2023-08-23 16:43:35.521323 - Street: 2, Velocity: 0.0, Num Cars: 100
2023-08-23 16:43:36.374498 - Street: 1, Velocity: 0.0, Num Cars: 0
2023-08-23 16:43:37.526530 - Street: 2, Velocity: 0.0, Num Cars: 100
2023-08-23 16:43:38.378433 - Street: 1, Velocity: 0.0, Num Cars: 0
2023-08-23 16:43:39.533079 - Street: 2, Velocity: 0.0, Num Cars: 100
2023-08-23 16:43:40.383039 - Street: 1, Velocity: 0.0, Num Cars: 0
2023-08-23 16:43:41.539131 - Street: 2, Velocity: 0.0, Num Cars: 100
2023-08-23 16:43:42.386703 - Street: 1, Velocity: 0.0, Num Cars: 0
2023-08-23 16:43:43.545195 - Street: 2, Velocity: 0.0, Num Cars: 100
2023-08-23 16:43:44.390491 - Street: 1, Velocity: 0.0, Num Cars: 0
2023-08-23 16:43:45.552317 - Street: 2, Velocity: 0.0, Num Cars: 100
2023-08-23 16:43:46.394622 - Street: 1, Velocity: 0.0, Num Cars: 0
2023-08-23 16:43:47.554630 - Street: 2, Velocity: 0.0, Num Cars: 100
2023-08-23 16:43:48.397288 - Street: 1, Velocity: 0.0, Num Cars: 0
2023-08-23 16:43:49.558477 - Street: 2, Velocity: 0.0, Num Cars: 100
2023-08-23 16:43:50.401507 - Street: 1, Velocity: 0.0, Num Cars: 0
2023-08-23 16:43:51.562677 - Street: 2, Velocity: 0.0, Num Cars: 100
2023-08-23 16:43:52.405931 - Street: 1, Velocity: 0.0, Num Cars: 0
2023-08-23 16:43:53.566089 - Street: 2, Velocity: 0.0, Num Cars: 100
2023-08-23 16:43:54.408846 - Street: 1, Velocity: 0.0, Num Cars: 0
2023-08-23 16:43:55.569293 - Street: 2, Velocity: 0.0, Num Cars: 100
2023-08-23 16:43:56.412703 - Street: 1, Velocity: 0.0, Num Cars: 0
2023-08-23 16:43:57.572958 - Street: 2, Velocity: 0.0, Num Cars: 100
2023-08-23 16:43:58.416858 - Street: 1, Velocity: 0.0, Num Cars: 0
2023-08-23 16:43:59.579184 - Street: 2, Velocity: 0.0, Num Cars: 100
2023-08-23 16:44:00.419335 - Street: 1, Velocity: 0.0, Num Cars: 0
2023-08-23 16:44:01.583311 - Street: 2, Velocity: 0.0, Num Cars: 100
2023-08-23 16:44:02.422527 - Street: 1, Velocity: 0.0, Num Cars: 0
2023-08-23 16:44:03.585482 - Street: 2, Velocity: 0.0, Num Cars: 100
2023-08-23 16:44:04.426045 - Street: 1, Velocity: 0.0, Num Cars: 0
2023-08-23 16:44:05.590994 - Street: 2, Velocity: 0.0, Num Cars: 100
2023-08-23 16:44:06.430557 - Street: 1, Velocity: 0.0, Num Cars: 0
2023-08-23 16:44:07.594768 - Street: 2, Velocity: 0.0, Num Cars: 100
2023-08-23 16:44:08.436005 - Street: 1, Velocity: 0.0, Num Cars: 0
2023-08-23 16:44:09.600507 - Street: 2, Velocity: 0.0, Num Cars: 100
2023-08-23 16:44:10.438554 - Street: 1, Velocity: 0.0, Num Cars: 0
2023-08-23 16:44:11.602432 - Street: 2, Velocity: 0.0, Num Cars: 100
2023-08-23 16:44:12.441813 - Street: 1, Velocity: 0.0, Num Cars: 0
2023-08-23 16:44:13.606221 - Street: 2, Velocity: 0.0, Num Cars: 100
2023-08-23 16:44:14.446232 - Street: 1, Velocity: 0.0, Num Cars: 0
2023-08-23 16:44:15.609869 - Street: 2, Velocity: 0.0, Num Cars: 100
2023-08-23 16:44:16.451168 - Street: 1, Velocity: 0.0, Num Cars: 0
2023-08-23 16:44:17.614874 - Street: 2, Velocity: 0.0, Num Cars: 100
2023-08-23 16:44:18.455579 - Street: 1, Velocity: 0.0, Num Cars: 0
2023-08-23 16:53:24.982153 - Street: 2, Velocity: 0.0, Num Cars: 24
2023-08-23 16:53:24.984238 - Congestion Detected on Street 2
2023-08-23 16:53:25.358387 - Street: 1, Velocity: 51.0, Num Cars: 60
2023-08-23 16:53:26.985767 - Street: 2, Velocity: 0.0, Num Cars: 25
2023-08-23 16:53:27.362977 - Street: 1, Velocity: 37.0, Num Cars: 59
2023-08-23 16:53:28.990432 - Street: 2, Velocity: 0.0, Num Cars: 26
2023-08-23 16:53:29.367287 - Street: 1, Velocity: 35.333333333333336, Num Cars: 58
2023-08-23 16:53:30.994829 - Street: 2, Velocity: 0.0, Num Cars: 27
2023-08-23 16:53:31.371175 - Street: 1, Velocity: 34.75, Num Cars: 57
2023-08-23 16:53:32.999882 - Street: 2, Velocity: 0.0, Num Cars: 28
2023-08-23 16:53:33.374345 - Street: 1, Velocity: 42.4, Num Cars: 56
2023-08-23 16:53:35.004129 - Street: 2, Velocity: 0.0, Num Cars: 29
2023-08-23 16:53:35.378530 - Street: 1, Velocity: 47.0, Num Cars: 55
2023-08-23 16:53:37.009065 - Street: 2, Velocity: 0.0, Num Cars: 30
2023-08-23 16:53:37.383148 - Street: 1, Velocity: 43.714285714285715, Num Cars: 54
2023-08-23 16:53:39.013560 - Street: 2, Velocity: 0.0, Num Cars: 31
2023-08-23 16:53:39.386900 - Street: 1, Velocity: 45.25, Num Cars: 53
2023-08-23 16:53:41.017411 - Street: 2, Velocity: 0.0, Num Cars: 32
2023-08-23 16:53:41.390646 - Street: 1, Velocity: 47.55555555555556, Num Cars: 52
2023-08-23 16:53:43.022433 - Street: 2, Velocity: 0.0, Num Cars: 33
2023-08-23 16:53:43.395398 - Street: 1, Velocity: 45.9, Num Cars: 51
2023-08-23 16:53:45.026456 - Street: 2, Velocity: 0.0, Num Cars: 34
2023-08-23 16:53:45.399452 - Street: 1, Velocity: 45.5, Num Cars: 50
2023-08-23 16:53:47.031099 - Street: 2, Velocity: 0.0, Num Cars: 35
2023-08-23 16:53:47.402668 - Street: 1, Velocity: 50.8, Num Cars: 49
2023-08-23 16:53:49.036107 - Street: 2, Velocity: 0.0, Num Cars: 36
2023-08-23 16:53:49.407063 - Street: 1, Velocity: 52.7, Num Cars: 48
2023-08-23 16:53:51.040870 - Street: 2, Velocity: 0.0, Num Cars: 37
2023-08-23 16:53:51.411271 - Street: 1, Velocity: 52.0, Num Cars: 47
2023-08-23 16:53:53.046053 - Street: 2, Velocity: 0.0, Num Cars: 38
2023-08-23 16:53:53.415465 - Street: 1, Velocity: 47.5, Num Cars: 46
2023-08-23 16:53:55.050312 - Street: 2, Velocity: 0.0, Num Cars: 39
2023-08-23 16:53:55.419735 - Street: 1, Velocity: 46.4, Num Cars: 45
2023-08-23 16:53:57.054914 - Street: 2, Velocity: 0.0, Num Cars: 40
2023-08-23 16:53:57.423916 - Street: 1, Velocity: 50.8, Num Cars: 44
2023-08-23 16:53:59.059870 - Street: 2, Velocity: 0.0, Num Cars: 41
2023-08-23 16:53:59.425845 - Street: 1, Velocity: 47.5, Num Cars: 43
2023-08-23 16:54:01.062805 - Street: 2, Velocity: 0.0, Num Cars: 42
2023-08-23 16:54:01.430158 - Street: 1, Velocity: 45.7, Num Cars: 42
2023-08-23 16:54:03.067431 - Street: 2, Velocity: 0.0, Num Cars: 43
2023-08-23 16:54:03.434344 - Street: 1, Velocity: 48.0, Num Cars: 41
2023-08-23 16:54:05.072003 - Street: 2, Velocity: 0.0, Num Cars: 44
2023-08-23 16:54:05.439246 - Street: 1, Velocity: 50.6, Num Cars: 40
2023-08-23 16:54:07.075233 - Street: 2, Velocity: 0.0, Num Cars: 45
2023-08-23 16:54:07.443907 - Street: 1, Velocity: 50.5, Num Cars: 39
2023-08-23 16:54:09.081347 - Street: 2, Velocity: 0.0, Num Cars: 46
2023-08-23 16:54:09.448156 - Street: 1, Velocity: 48.6, Num Cars: 38
2023-08-23 16:54:11.085408 - Street: 2, Velocity: 0.0, Num Cars: 47
2023-08-23 16:54:11.450670 - Street: 1, Velocity: 53.8, Num Cars: 37
2023-08-23 16:54:13.089591 - Street: 2, Velocity: 0.0, Num Cars: 48
2023-08-23 16:54:13.454813 - Street: 1, Velocity: 53.6, Num Cars: 36
2023-08-23 16:54:15.093773 - Street: 2, Velocity: 0.0, Num Cars: 49
2023-08-23 16:54:15.458877 - Street: 1, Velocity: 50.0, Num Cars: 35
2023-08-23 16:54:17.098086 - Street: 2, Velocity: 0.0, Num Cars: 50
2023-08-23 16:54:17.463010 - Street: 1, Velocity: 46.1, Num Cars: 34
2023-08-23 16:54:19.103319 - Street: 2, Velocity: 0.0, Num Cars: 51
2023-08-23 16:54:19.467137 - Street: 1, Velocity: 50.8, Num Cars: 33
2023-08-23 16:54:21.107896 - Street: 2, Velocity: 0.0, Num Cars: 52
2023-08-23 16:54:21.470693 - Street: 1, Velocity: 49.0, Num Cars: 32
2023-08-23 16:54:23.112825 - Street: 2, Velocity: 0.0, Num Cars: 53
2023-08-23 16:54:23.474650 - Street: 1, Velocity: 48.7, Num Cars: 31
2023-08-23 16:54:25.118171 - Street: 2, Velocity: 0.0, Num Cars: 54
2023-08-23 16:54:25.478720 - Street: 1, Velocity: 48.9, Num Cars: 30
2023-08-23 16:54:27.122362 - Street: 2, Velocity: 0.0, Num Cars: 55
2023-08-23 16:54:27.482806 - Street: 1, Velocity: 46.5, Num Cars: 29
2023-08-23 16:54:29.127291 - Street: 2, Velocity: 0.0, Num Cars: 56
2023-08-23 16:54:29.486985 - Street: 1, Velocity: 51.2, Num Cars: 28
2023-08-23 16:54:31.130835 - Street: 2, Velocity: 0.0, Num Cars: 57
2023-08-23 16:54:31.490495 - Street: 1, Velocity: 50.4, Num Cars: 27
2023-08-23 16:54:33.136137 - Street: 2, Velocity: 0.0, Num Cars: 58
2023-08-23 16:54:33.494686 - Street: 1, Velocity: 54.5, Num Cars: 26
2023-08-23 16:54:35.142690 - Street: 2, Velocity: 0.0, Num Cars: 59
2023-08-23 16:54:35.498599 - Street: 1, Velocity: 54.7, Num Cars: 25
2023-08-23 16:54:37.146877 - Street: 2, Velocity: 0.0, Num Cars: 60
2023-08-23 16:54:37.502752 - Street: 1, Velocity: 56.9, Num Cars: 24
2023-08-23 16:54:39.151138 - Street: 2, Velocity: 0.0, Num Cars: 61
2023-08-23 16:54:39.506770 - Street: 1, Velocity: 55.3, Num Cars: 23
2023-08-23 16:54:41.155262 - Street: 2, Velocity: 0.0, Num Cars: 62
2023-08-23 16:54:41.510786 - Street: 1, Velocity: 57.9, Num Cars: 22
2023-08-23 16:54:43.160103 - Street: 2, Velocity: 0.0, Num Cars: 63
2023-08-23 16:54:43.514894 - Street: 1, Velocity: 59.4, Num Cars: 21
2023-08-23 16:54:45.164463 - Street: 2, Velocity: 0.0, Num Cars: 64
2023-08-23 16:54:45.519105 - Street: 1, Velocity: 55.2, Num Cars: 20
2023-08-23 16:54:47.169660 - Street: 2, Velocity: 0.0, Num Cars: 65
2023-08-23 16:54:47.523159 - Street: 1, Velocity: 52.1, Num Cars: 19
2023-08-23 16:54:49.174330 - Street: 2, Velocity: 0.0, Num Cars: 66
2023-08-23 16:54:49.526458 - Street: 1, Velocity: 46.4, Num Cars: 18
2023-08-23 16:54:51.178922 - Street: 2, Velocity: 0.0, Num Cars: 67
2023-08-23 16:54:51.530614 - Street: 1, Velocity: 41.5, Num Cars: 17
2023-08-23 16:54:53.182880 - Street: 2, Velocity: 0.0, Num Cars: 68
2023-08-23 16:54:53.534644 - Street: 1, Velocity: 39.7, Num Cars: 16
2023-08-23 16:54:55.187198 - Street: 2, Velocity: 0.0, Num Cars: 69
2023-08-23 16:54:55.538328 - Street: 1, Velocity: 41.5, Num Cars: 15
2023-08-23 16:54:57.191336 - Street: 2, Velocity: 0.0, Num Cars: 70
2023-08-23 16:54:57.542328 - Street: 1, Velocity: 39.6, Num Cars: 14
2023-08-23 16:54:59.195333 - Street: 2, Velocity: 0.0, Num Cars: 71
2023-08-23 16:54:59.546528 - Street: 1, Velocity: 42.1, Num Cars: 13
2023-08-23 16:55:01.198908 - Street: 2, Velocity: 0.0, Num Cars: 72
2023-08-23 16:55:01.550620 - Street: 1, Velocity: 42.9, Num Cars: 12
2023-08-23 16:55:03.204963 - Street: 2, Velocity: 0.0, Num Cars: 73
2023-08-23 16:55:03.554530 - Street: 1, Velocity: 40.4, Num Cars: 11
2023-08-23 16:55:05.212269 - Street: 2, Velocity: 0.0, Num Cars: 74
2023-08-23 16:55:05.558778 - Street: 1, Velocity: 40.4, Num Cars: 10
2023-08-23 16:55:07.217130 - Street: 2, Velocity: 0.0, Num Cars: 75
2023-08-23 16:55:07.562935 - Street: 1, Velocity: 44.7, Num Cars: 9
2023-08-23 16:55:09.221357 - Street: 2, Velocity: 0.0, Num Cars: 76
2023-08-23 16:55:09.567379 - Street: 1, Velocity: 44.8, Num Cars: 8
2023-08-23 16:55:11.225740 - Street: 2, Velocity: 0.0, Num Cars: 77
2023-08-23 16:55:11.571587 - Street: 1, Velocity: 44.9, Num Cars: 7
2023-08-23 16:55:13.230038 - Street: 2, Velocity: 0.0, Num Cars: 78
2023-08-23 16:55:13.576225 - Street: 1, Velocity: 47.7, Num Cars: 6
2023-08-23 16:55:15.234577 - Street: 2, Velocity: 0.0, Num Cars: 79
2023-08-23 16:55:15.580371 - Street: 1, Velocity: 46.4, Num Cars: 5
2023-08-23 16:55:17.239364 - Street: 2, Velocity: 0.0, Num Cars: 80
2023-08-23 16:55:17.582864 - Street: 1, Velocity: 47.6, Num Cars: 4
2023-08-23 16:55:19.244049 - Street: 2, Velocity: 0.0, Num Cars: 81
2023-08-23 16:55:19.586426 - Street: 1, Velocity: 41.7, Num Cars: 3
2023-08-23 16:55:21.249412 - Street: 2, Velocity: 0.0, Num Cars: 82
2023-08-23 16:55:21.590372 - Street: 1, Velocity: 42.6, Num Cars: 2
2023-08-23 16:55:23.253646 - Street: 2, Velocity: 0.0, Num Cars: 83
2023-08-23 16:55:23.595040 - Street: 1, Velocity: 43.5, Num Cars: 1
2023-08-23 16:55:25.258539 - Street: 2, Velocity: 0.0, Num Cars: 84
2023-08-23 16:55:25.599132 - Street: 1, Velocity: 47.4, Num Cars: 0
2023-08-23 16:55:27.262234 - Street: 2, Velocity: 0.0, Num Cars: 85
2023-08-23 16:55:27.602405 - Street: 1, Velocity: 41.1, Num Cars: 0
2023-08-23 16:55:29.266235 - Street: 2, Velocity: 0.0, Num Cars: 86
2023-08-23 16:55:29.606413 - Street: 1, Velocity: 38.8, Num Cars: 0
